This is pdfTeX, Version 3.14159265-2.6-1.40.18 (TeX Live 2017/Debian) (preloaded format=pdflatex 2018.10.12)  22 APR 2019 14:29
entering extended mode
 restricted \write18 enabled.
 %&-line parsing enabled.
**base
(./base.tex
LaTeX2e <2017-04-15>
Babel <3.18> and hyphenation patterns for 34 language(s) loaded.
(/usr/share/texlive/texmf-dist/tex/latex/standalone/standalone.cls
Document Class: standalone 2015/07/15 v1.2 Class to compile TeX sub-files stand
alone
(/usr/share/texlive/texmf-dist/tex/generic/oberdiek/ifluatex.sty
Package: ifluatex 2016/05/16 v1.4 Provides the ifluatex switch (HO)
Package ifluatex Info: LuaTeX not detected.
)
(/usr/share/texlive/texmf-dist/tex/generic/oberdiek/ifpdf.sty
Package: ifpdf 2017/03/15 v3.2 Provides the ifpdf switch
)
(/usr/share/texlive/texmf-dist/tex/generic/ifxetex/ifxetex.sty
Package: ifxetex 2010/09/12 v0.6 Provides ifxetex conditional
)
(/usr/share/texlive/texmf-dist/tex/latex/xkeyval/xkeyval.sty
Package: xkeyval 2014/12/03 v2.7a package option processing (HA)

(/usr/share/texlive/texmf-dist/tex/generic/xkeyval/xkeyval.tex
(/usr/share/texlive/texmf-dist/tex/generic/xkeyval/xkvutils.tex
\XKV@toks=\toks14
\XKV@tempa@toks=\toks15

(/usr/share/texlive/texmf-dist/tex/generic/xkeyval/keyval.tex))
\XKV@depth=\count79
File: xkeyval.tex 2014/12/03 v2.7a key=value parser (HA)
))
\sa@internal=\count80
\c@sapage=\count81

(/usr/share/texlive/texmf-dist/tex/latex/standalone/standalone.cfg
File: standalone.cfg 2015/07/15 v1.2 Default configuration file for 'standalone
' class
)
(/usr/share/texlive/texmf-dist/tex/latex/base/article.cls
Document Class: article 2014/09/29 v1.4h Standard LaTeX document class
(/usr/share/texlive/texmf-dist/tex/latex/base/size10.clo
File: size10.clo 2014/09/29 v1.4h Standard LaTeX file (size option)
)
\c@part=\count82
\c@section=\count83
\c@subsection=\count84
\c@subsubsection=\count85
\c@paragraph=\count86
\c@subparagraph=\count87
\c@figure=\count88
\c@table=\count89
\abovecaptionskip=\skip41
\belowcaptionskip=\skip42
\bibindent=\dimen102
)
(/usr/share/texmf/tex/latex/preview/preview.sty
Package: preview 2017/04/24 11.91 (AUCTeX/preview-latex)

(/usr/share/texmf/tex/latex/preview/prtightpage.def
\PreviewBorder=\dimen103
)
\pr@snippet=\count90
\pr@box=\box26
\pr@output=\toks16
))
(/usr/share/texlive/texmf-dist/tex/latex/xcolor/xcolor.sty
Package: xcolor 2016/05/11 v2.12 LaTeX color extensions (UK)

(/usr/share/texlive/texmf-dist/tex/latex/graphics-cfg/color.cfg
File: color.cfg 2016/01/02 v1.6 sample color configuration
)
Package xcolor Info: Driver file: pdftex.def on input line 225.

(/usr/share/texlive/texmf-dist/tex/latex/graphics-def/pdftex.def
File: pdftex.def 2018/01/08 v1.0l Graphics/color driver for pdftex
)
(/usr/share/texlive/texmf-dist/tex/latex/colortbl/colortbl.sty
Package: colortbl 2012/02/13 v1.0a Color table columns (DPC)

(/usr/share/texlive/texmf-dist/tex/latex/tools/array.sty
Package: array 2016/10/06 v2.4d Tabular extension package (FMi)
\col@sep=\dimen104
\extrarowheight=\dimen105
\NC@list=\toks17
\extratabsurround=\skip43
\backup@length=\skip44
)
\everycr=\toks18
\minrowclearance=\skip45
)
\rownum=\count91
Package xcolor Info: Model `cmy' substituted by `cmy0' on input line 1348.
Package xcolor Info: Model `hsb' substituted by `rgb' on input line 1352.
Package xcolor Info: Model `RGB' extended on input line 1364.
Package xcolor Info: Model `HTML' substituted by `rgb' on input line 1366.
Package xcolor Info: Model `Hsb' substituted by `hsb' on input line 1367.
Package xcolor Info: Model `tHsb' substituted by `hsb' on input line 1368.
Package xcolor Info: Model `HSB' substituted by `hsb' on input line 1369.
Package xcolor Info: Model `Gray' substituted by `gray' on input line 1370.
Package xcolor Info: Model `wave' substituted by `hsb' on input line 1371.
) (./base.aux)
\openout1 = `base.aux'.

LaTeX Font Info:    Checking defaults for OML/cmm/m/it on input line 10.
LaTeX Font Info:    ... okay on input line 10.
LaTeX Font Info:    Checking defaults for T1/cmr/m/n on input line 10.
LaTeX Font Info:    ... okay on input line 10.
LaTeX Font Info:    Checking defaults for OT1/cmr/m/n on input line 10.
LaTeX Font Info:    ... okay on input line 10.
LaTeX Font Info:    Checking defaults for OMS/cmsy/m/n on input line 10.
LaTeX Font Info:    ... okay on input line 10.
LaTeX Font Info:    Checking defaults for OMX/cmex/m/n on input line 10.
LaTeX Font Info:    ... okay on input line 10.
LaTeX Font Info:    Checking defaults for U/cmr/m/n on input line 10.
LaTeX Font Info:    ... okay on input line 10.

Preview: Fontsize 10pt
Preview: PDFoutput 1
(/usr/share/texlive/texmf-dist/tex/context/base/mkii/supp-pdf.mkii
[Loading MPS to PDF converter (version 2006.09.02).]
\scratchcounter=\count92
\scratchdimen=\dimen106
\scratchbox=\box27
\nofMPsegments=\count93
\nofMParguments=\count94
\everyMPshowfont=\toks19
\MPscratchCnt=\count95
\MPscratchDim=\dimen107
\MPnumerator=\count96
\makeMPintoPDFobject=\count97
\everyMPtoPDFconversion=\toks20
) (./latex_test1.tex
LaTeX Font Info:    External font `cmex10' loaded for size
(Font)              <7> on input line 1.
LaTeX Font Info:    External font `cmex10' loaded for size
(Font)              <5> on input line 1.

Overfull \hbox (2.15475pt too wide) in paragraph at lines 7--7
[]|\OT1/cmr/m/n/10 1| 
 []


Overfull \hbox (2.15475pt too wide) in paragraph at lines 7--7
[]|\OT1/cmr/m/n/10 1| 
 []


Overfull \hbox (2.15475pt too wide) in paragraph at lines 7--7
[]|\OT1/cmr/m/n/10 2| 
 []


Overfull \hbox (2.15475pt too wide) in paragraph at lines 7--7
[]|\OT1/cmr/m/n/10 1| 
 []


Overfull \hbox (2.15475pt too wide) in paragraph at lines 8--8
[]|\OT1/cmr/m/n/10 1| 
 []


Overfull \hbox (2.15475pt too wide) in paragraph at lines 8--8
[]|\OT1/cmr/m/n/10 1| 
 []


Overfull \hbox (2.15475pt too wide) in paragraph at lines 8--8
[]|\OT1/cmr/m/n/10 3| 
 []


Overfull \hbox (2.15475pt too wide) in paragraph at lines 8--8
[]|\OT1/cmr/m/n/10 1| 
 []


Overfull \hbox (2.15475pt too wide) in paragraph at lines 8--8
[]|\OT1/cmr/m/n/10 1| 
 []


Overfull \hbox (2.15475pt too wide) in paragraph at lines 8--8
[]|\OT1/cmr/m/n/10 1| 
 []


Overfull \hbox (2.15475pt too wide) in paragraph at lines 9--9
[]|\OT1/cmr/m/n/10 1| 
 []


Overfull \hbox (2.15475pt too wide) in paragraph at lines 9--9
[]|\OT1/cmr/m/n/10 1| 
 []


Overfull \hbox (2.15475pt too wide) in paragraph at lines 9--9
[]|\OT1/cmr/m/n/10 3| 
 []


Overfull \hbox (2.15475pt too wide) in paragraph at lines 9--9
[]|\OT1/cmr/m/n/10 2| 
 []


Overfull \hbox (2.15475pt too wide) in paragraph at lines 9--9
[]|\OT1/cmr/m/n/10 1| 
 []


Overfull \hbox (2.15475pt too wide) in paragraph at lines 9--9
[]|\OT1/cmr/m/n/10 1| 
 []


Overfull \hbox (2.15475pt too wide) in paragraph at lines 9--9
[]|\OT1/cmr/m/n/10 1| 
 []


Overfull \hbox (2.15475pt too wide) in paragraph at lines 9--9
[]|\OT1/cmr/m/n/10 2| 
 []


Overfull \hbox (2.15475pt too wide) in paragraph at lines 9--9
[]|\OT1/cmr/m/n/10 1| 
 []


Overfull \hbox (2.15475pt too wide) in paragraph at lines 10--10
[]|\OT1/cmr/m/n/10 1| 
 []


Overfull \hbox (2.15475pt too wide) in paragraph at lines 10--10
[]|\OT1/cmr/m/n/10 3| 
 []


Overfull \hbox (2.15475pt too wide) in paragraph at lines 10--10
[]|\OT1/cmr/m/n/10 3| 
 []


Overfull \hbox (2.15475pt too wide) in paragraph at lines 10--10
[]|\OT1/cmr/m/n/10 1| 
 []


Overfull \hbox (2.15475pt too wide) in paragraph at lines 10--10
[]|\OT1/cmr/m/n/10 1| 
 []


Overfull \hbox (2.15475pt too wide) in paragraph at lines 10--10
[]|\OT1/cmr/m/n/10 1| 
 []


Overfull \hbox (2.15475pt too wide) in paragraph at lines 10--10
[]|\OT1/cmr/m/n/10 4| 
 []


Overfull \hbox (2.15475pt too wide) in paragraph at lines 10--10
[]|\OT1/cmr/m/n/10 1| 
 []


Overfull \hbox (2.15475pt too wide) in paragraph at lines 11--11
[]|\OT1/cmr/m/n/10 1| 
 []


Overfull \hbox (2.15475pt too wide) in paragraph at lines 11--11
[]|\OT1/cmr/m/n/10 1| 
 []


Overfull \hbox (2.15475pt too wide) in paragraph at lines 11--11
[]|\OT1/cmr/m/n/10 4| 
 []


Overfull \hbox (2.15475pt too wide) in paragraph at lines 11--11
[]|\OT1/cmr/m/n/10 1| 
 []


Overfull \hbox (2.15475pt too wide) in paragraph at lines 11--11
[]|\OT1/cmr/m/n/10 1| 
 []


Overfull \hbox (2.15475pt too wide) in paragraph at lines 11--11
[]|\OT1/cmr/m/n/10 1| 
 []


Overfull \hbox (2.15475pt too wide) in paragraph at lines 11--11
[]|\OT1/cmr/m/n/10 1| 
 []


Overfull \hbox (2.15475pt too wide) in paragraph at lines 11--11
[]|\OT1/cmr/m/n/10 3| 
 []


Overfull \hbox (2.15475pt too wide) in paragraph at lines 11--11
[]|\OT1/cmr/m/n/10 1| 
 []


Overfull \hbox (2.15475pt too wide) in paragraph at lines 11--11
[]|\OT1/cmr/m/n/10 1| 
 []


Overfull \hbox (2.15475pt too wide) in paragraph at lines 11--11
[]|\OT1/cmr/m/n/10 1| 
 []


Overfull \hbox (2.15475pt too wide) in paragraph at lines 11--11
[]|\OT1/cmr/m/n/10 5| 
 []


Overfull \hbox (2.15475pt too wide) in paragraph at lines 11--11
[]|\OT1/cmr/m/n/10 1| 
 []


Overfull \hbox (2.15475pt too wide) in paragraph at lines 11--11
[]|\OT1/cmr/m/n/10 1| 
 []


Overfull \hbox (7.15477pt too wide) in paragraph at lines 11--11
[]|\OT1/cmr/m/n/10 10| 
 []


Overfull \hbox (2.15475pt too wide) in paragraph at lines 12--12
[]|\OT1/cmr/m/n/10 1| 
 []


Overfull \hbox (2.15475pt too wide) in paragraph at lines 12--12
[]|\OT1/cmr/m/n/10 1| 
 []


Overfull \hbox (2.15475pt too wide) in paragraph at lines 12--12
[]|\OT1/cmr/m/n/10 4| 
 []


Overfull \hbox (2.15475pt too wide) in paragraph at lines 12--12
[]|\OT1/cmr/m/n/10 1| 
 []


Overfull \hbox (2.15475pt too wide) in paragraph at lines 12--12
[]|\OT1/cmr/m/n/10 1| 
 []


Overfull \hbox (2.15475pt too wide) in paragraph at lines 12--12
[]|\OT1/cmr/m/n/10 1| 
 []


Overfull \hbox (2.15475pt too wide) in paragraph at lines 12--12
[]|\OT1/cmr/m/n/10 1| 
 []


Overfull \hbox (2.15475pt too wide) in paragraph at lines 12--12
[]|\OT1/cmr/m/n/10 3| 
 []


Overfull \hbox (2.15475pt too wide) in paragraph at lines 12--12
[]|\OT1/cmr/m/n/10 2| 
 []


Overfull \hbox (2.15475pt too wide) in paragraph at lines 12--12
[]|\OT1/cmr/m/n/10 3| 
 []


Overfull \hbox (2.15475pt too wide) in paragraph at lines 12--12
[]|\OT1/cmr/m/n/10 1| 
 []


Overfull \hbox (2.15475pt too wide) in paragraph at lines 12--12
[]|\OT1/cmr/m/n/10 1| 
 []


Overfull \hbox (2.15475pt too wide) in paragraph at lines 12--12
[]|\OT1/cmr/m/n/10 4| 
 []


Overfull \hbox (2.15475pt too wide) in paragraph at lines 12--12
[]|\OT1/cmr/m/n/10 3| 
 []


Overfull \hbox (2.15475pt too wide) in paragraph at lines 12--12
[]|\OT1/cmr/m/n/10 1| 
 []


Overfull \hbox (2.15475pt too wide) in paragraph at lines 12--12
[]|\OT1/cmr/m/n/10 3| 
 []


Overfull \hbox (2.15475pt too wide) in paragraph at lines 12--12
[]|\OT1/cmr/m/n/10 4| 
 []


Overfull \hbox (2.15475pt too wide) in paragraph at lines 13--13
[]|\OT1/cmr/m/n/10 1| 
 []


Overfull \hbox (2.15475pt too wide) in paragraph at lines 13--13
[]|\OT1/cmr/m/n/10 1| 
 []


Overfull \hbox (2.15475pt too wide) in paragraph at lines 13--13
[]|\OT1/cmr/m/n/10 2| 
 []


Overfull \hbox (2.15475pt too wide) in paragraph at lines 13--13
[]|\OT1/cmr/m/n/10 1| 
 []


Overfull \hbox (2.15475pt too wide) in paragraph at lines 13--13
[]|\OT1/cmr/m/n/10 1| 
 []


Overfull \hbox (2.15475pt too wide) in paragraph at lines 13--13
[]|\OT1/cmr/m/n/10 2| 
 []


Overfull \hbox (2.15475pt too wide) in paragraph at lines 13--13
[]|\OT1/cmr/m/n/10 1| 
 []


Overfull \hbox (2.15475pt too wide) in paragraph at lines 13--13
[]|\OT1/cmr/m/n/10 1| 
 []


Overfull \hbox (2.15475pt too wide) in paragraph at lines 13--13
[]|\OT1/cmr/m/n/10 1| 
 []


Overfull \hbox (2.15475pt too wide) in paragraph at lines 13--13
[]|\OT1/cmr/m/n/10 7| 
 []


Overfull \hbox (2.15475pt too wide) in paragraph at lines 13--13
[]|\OT1/cmr/m/n/10 3| 
 []


Overfull \hbox (2.15475pt too wide) in paragraph at lines 13--13
[]|\OT1/cmr/m/n/10 2| 
 []


Overfull \hbox (2.15475pt too wide) in paragraph at lines 13--13
[]|\OT1/cmr/m/n/10 2| 
 []


Overfull \hbox (2.15475pt too wide) in paragraph at lines 13--13
[]|\OT1/cmr/m/n/10 1| 
 []


Overfull \hbox (2.15475pt too wide) in paragraph at lines 13--13
[]|\OT1/cmr/m/n/10 3| 
 []


Overfull \hbox (2.15475pt too wide) in paragraph at lines 13--13
[]|\OT1/cmr/m/n/10 3| 
 []


Overfull \hbox (2.15475pt too wide) in paragraph at lines 14--14
[]|\OT1/cmr/m/n/10 1| 
 []


Overfull \hbox (2.15475pt too wide) in paragraph at lines 14--14
[]|\OT1/cmr/m/n/10 1| 
 []


Overfull \hbox (2.15475pt too wide) in paragraph at lines 14--14
[]|\OT1/cmr/m/n/10 1| 
 []


Overfull \hbox (2.15475pt too wide) in paragraph at lines 14--14
[]|\OT1/cmr/m/n/10 2| 
 []


Overfull \hbox (7.15477pt too wide) in paragraph at lines 14--14
[]|\OT1/cmr/m/n/10 14| 
 []


Overfull \hbox (2.15475pt too wide) in paragraph at lines 14--14
[]|\OT1/cmr/m/n/10 1| 
 []


Overfull \hbox (2.15475pt too wide) in paragraph at lines 14--14
[]|\OT1/cmr/m/n/10 2| 
 []


Overfull \hbox (2.15475pt too wide) in paragraph at lines 14--14
[]|\OT1/cmr/m/n/10 1| 
 []


Overfull \hbox (2.15475pt too wide) in paragraph at lines 14--14
[]|\OT1/cmr/m/n/10 2| 
 []


Overfull \hbox (2.15475pt too wide) in paragraph at lines 14--14
[]|\OT1/cmr/m/n/10 1| 
 []


Overfull \hbox (2.15475pt too wide) in paragraph at lines 14--14
[]|\OT1/cmr/m/n/10 1| 
 []


Overfull \hbox (2.15475pt too wide) in paragraph at lines 14--14
[]|\OT1/cmr/m/n/10 1| 
 []


Overfull \hbox (2.15475pt too wide) in paragraph at lines 14--14
[]|\OT1/cmr/m/n/10 3| 
 []


Overfull \hbox (2.15475pt too wide) in paragraph at lines 14--14
[]|\OT1/cmr/m/n/10 3| 
 []


Overfull \hbox (2.15475pt too wide) in paragraph at lines 15--15
[]|\OT1/cmr/m/n/10 1| 
 []


Overfull \hbox (2.15475pt too wide) in paragraph at lines 15--15
[]|\OT1/cmr/m/n/10 2| 
 []


Overfull \hbox (2.15475pt too wide) in paragraph at lines 15--15
[]|\OT1/cmr/m/n/10 1| 
 []


Overfull \hbox (2.15475pt too wide) in paragraph at lines 15--15
[]|\OT1/cmr/m/n/10 3| 
 []


Overfull \hbox (2.15475pt too wide) in paragraph at lines 15--15
[]|\OT1/cmr/m/n/10 1| 
 []


Overfull \hbox (2.15475pt too wide) in paragraph at lines 15--15
[]|\OT1/cmr/m/n/10 1| 
 []


Overfull \hbox (2.15475pt too wide) in paragraph at lines 15--15
[]|\OT1/cmr/m/n/10 1| 
 []


Overfull \hbox (2.15475pt too wide) in paragraph at lines 15--15
[]|\OT1/cmr/m/n/10 9| 
 []


Overfull \hbox (2.15475pt too wide) in paragraph at lines 15--15
[]|\OT1/cmr/m/n/10 1| 
 []


Overfull \hbox (2.15475pt too wide) in paragraph at lines 15--15
[]|\OT1/cmr/m/n/10 2| 
 []


Overfull \hbox (2.15475pt too wide) in paragraph at lines 15--15
[]|\OT1/cmr/m/n/10 1| 
 []


Overfull \hbox (2.15475pt too wide) in paragraph at lines 15--15
[]|\OT1/cmr/m/n/10 1| 
 []


Overfull \hbox (2.15475pt too wide) in paragraph at lines 15--15
[]|\OT1/cmr/m/n/10 1| 
 []


Overfull \hbox (2.15475pt too wide) in paragraph at lines 15--15
[]|\OT1/cmr/m/n/10 1| 
 []


Overfull \hbox (2.15475pt too wide) in paragraph at lines 15--15
[]|\OT1/cmr/m/n/10 2| 
 []


Overfull \hbox (2.15475pt too wide) in paragraph at lines 15--15
[]|\OT1/cmr/m/n/10 1| 
 []


Overfull \hbox (2.15475pt too wide) in paragraph at lines 15--15
[]|\OT1/cmr/m/n/10 1| 
 []


Overfull \hbox (2.15475pt too wide) in paragraph at lines 15--15
[]|\OT1/cmr/m/n/10 1| 
 []


Overfull \hbox (2.15475pt too wide) in paragraph at lines 15--15
[]|\OT1/cmr/m/n/10 1| 
 []


Overfull \hbox (2.15475pt too wide) in paragraph at lines 15--15
[]|\OT1/cmr/m/n/10 1| 
 []


Overfull \hbox (2.15475pt too wide) in paragraph at lines 15--15
[]|\OT1/cmr/m/n/10 4| 
 []


Overfull \hbox (2.15475pt too wide) in paragraph at lines 15--15
[]|\OT1/cmr/m/n/10 3| 
 []


Overfull \hbox (2.15475pt too wide) in paragraph at lines 16--16
[]|\OT1/cmr/m/n/10 1| 
 []


Overfull \hbox (2.15475pt too wide) in paragraph at lines 16--16
[]|\OT1/cmr/m/n/10 2| 
 []


Overfull \hbox (2.15475pt too wide) in paragraph at lines 16--16
[]|\OT1/cmr/m/n/10 2| 
 []


Overfull \hbox (2.15475pt too wide) in paragraph at lines 16--16
[]|\OT1/cmr/m/n/10 2| 
 []


Overfull \hbox (2.15475pt too wide) in paragraph at lines 16--16
[]|\OT1/cmr/m/n/10 1| 
 []


Overfull \hbox (2.15475pt too wide) in paragraph at lines 16--16
[]|\OT1/cmr/m/n/10 1| 
 []


Overfull \hbox (2.15475pt too wide) in paragraph at lines 16--16
[]|\OT1/cmr/m/n/10 1| 
 []


Overfull \hbox (2.15475pt too wide) in paragraph at lines 16--16
[]|\OT1/cmr/m/n/10 1| 
 []


Overfull \hbox (2.15475pt too wide) in paragraph at lines 16--16
[]|\OT1/cmr/m/n/10 3| 
 []


Overfull \hbox (2.15475pt too wide) in paragraph at lines 16--16
[]|\OT1/cmr/m/n/10 5| 
 []


Overfull \hbox (2.15475pt too wide) in paragraph at lines 16--16
[]|\OT1/cmr/m/n/10 1| 
 []


Overfull \hbox (2.15475pt too wide) in paragraph at lines 16--16
[]|\OT1/cmr/m/n/10 1| 
 []


Overfull \hbox (2.15475pt too wide) in paragraph at lines 16--16
[]|\OT1/cmr/m/n/10 1| 
 []


Overfull \hbox (2.15475pt too wide) in paragraph at lines 16--16
[]|\OT1/cmr/m/n/10 1| 
 []


Overfull \hbox (2.15475pt too wide) in paragraph at lines 16--16
[]|\OT1/cmr/m/n/10 1| 
 []


Overfull \hbox (2.15475pt too wide) in paragraph at lines 16--16
[]|\OT1/cmr/m/n/10 4| 
 []


Overfull \hbox (2.15475pt too wide) in paragraph at lines 16--16
[]|\OT1/cmr/m/n/10 1| 
 []


Overfull \hbox (2.15475pt too wide) in paragraph at lines 16--16
[]|\OT1/cmr/m/n/10 4| 
 []


Overfull \hbox (2.15475pt too wide) in paragraph at lines 16--16
[]|\OT1/cmr/m/n/10 2| 
 []


Overfull \hbox (2.15475pt too wide) in paragraph at lines 16--16
[]|\OT1/cmr/m/n/10 1| 
 []


Overfull \hbox (2.15475pt too wide) in paragraph at lines 16--16
[]|\OT1/cmr/m/n/10 1| 
 []


Overfull \hbox (2.15475pt too wide) in paragraph at lines 16--16
[]|\OT1/cmr/m/n/10 6| 
 []


Overfull \hbox (2.15475pt too wide) in paragraph at lines 16--16
[]|\OT1/cmr/m/n/10 5| 
 []


Overfull \hbox (2.15475pt too wide) in paragraph at lines 17--17
[]|\OT1/cmr/m/n/10 1| 
 []


Overfull \hbox (2.15475pt too wide) in paragraph at lines 17--17
[]|\OT1/cmr/m/n/10 5| 
 []


Overfull \hbox (2.15475pt too wide) in paragraph at lines 17--17
[]|\OT1/cmr/m/n/10 3| 
 []


Overfull \hbox (2.15475pt too wide) in paragraph at lines 17--17
[]|\OT1/cmr/m/n/10 1| 
 []


Overfull \hbox (2.15475pt too wide) in paragraph at lines 17--17
[]|\OT1/cmr/m/n/10 2| 
 []


Overfull \hbox (2.15475pt too wide) in paragraph at lines 17--17
[]|\OT1/cmr/m/n/10 1| 
 []


Overfull \hbox (2.15475pt too wide) in paragraph at lines 17--17
[]|\OT1/cmr/m/n/10 2| 
 []


Overfull \hbox (2.15475pt too wide) in paragraph at lines 17--17
[]|\OT1/cmr/m/n/10 4| 
 []


Overfull \hbox (2.15475pt too wide) in paragraph at lines 17--17
[]|\OT1/cmr/m/n/10 1| 
 []


Overfull \hbox (2.15475pt too wide) in paragraph at lines 17--17
[]|\OT1/cmr/m/n/10 2| 
 []


Overfull \hbox (2.15475pt too wide) in paragraph at lines 17--17
[]|\OT1/cmr/m/n/10 1| 
 []


Overfull \hbox (2.15475pt too wide) in paragraph at lines 17--17
[]|\OT1/cmr/m/n/10 1| 
 []


Overfull \hbox (2.15475pt too wide) in paragraph at lines 17--17
[]|\OT1/cmr/m/n/10 5| 
 []


Overfull \hbox (2.15475pt too wide) in paragraph at lines 17--17
[]|\OT1/cmr/m/n/10 4| 
 []


Overfull \hbox (2.15475pt too wide) in paragraph at lines 17--17
[]|\OT1/cmr/m/n/10 2| 
 []


Overfull \hbox (2.15475pt too wide) in paragraph at lines 17--17
[]|\OT1/cmr/m/n/10 2| 
 []


Overfull \hbox (2.15475pt too wide) in paragraph at lines 17--17
[]|\OT1/cmr/m/n/10 1| 
 []


Overfull \hbox (2.15475pt too wide) in paragraph at lines 17--17
[]|\OT1/cmr/m/n/10 1| 
 []


Overfull \hbox (2.15475pt too wide) in paragraph at lines 17--17
[]|\OT1/cmr/m/n/10 1| 
 []


Overfull \hbox (2.15475pt too wide) in paragraph at lines 17--17
[]|\OT1/cmr/m/n/10 7| 
 []


Overfull \hbox (2.15475pt too wide) in paragraph at lines 18--18
[]|\OT1/cmr/m/n/10 1| 
 []


Overfull \hbox (2.15475pt too wide) in paragraph at lines 18--18
[]|\OT1/cmr/m/n/10 6| 
 []


Overfull \hbox (2.15475pt too wide) in paragraph at lines 18--18
[]|\OT1/cmr/m/n/10 2| 
 []


Overfull \hbox (2.15475pt too wide) in paragraph at lines 18--18
[]|\OT1/cmr/m/n/10 1| 
 []


Overfull \hbox (2.15475pt too wide) in paragraph at lines 18--18
[]|\OT1/cmr/m/n/10 1| 
 []


Overfull \hbox (2.15475pt too wide) in paragraph at lines 18--18
[]|\OT1/cmr/m/n/10 1| 
 []


Overfull \hbox (7.15477pt too wide) in paragraph at lines 18--18
[]|\OT1/cmr/m/n/10 14| 
 []


Overfull \hbox (7.15477pt too wide) in paragraph at lines 18--18
[]|\OT1/cmr/m/n/10 10| 
 []


Overfull \hbox (2.15475pt too wide) in paragraph at lines 18--18
[]|\OT1/cmr/m/n/10 1| 
 []


Overfull \hbox (2.15475pt too wide) in paragraph at lines 18--18
[]|\OT1/cmr/m/n/10 3| 
 []


Overfull \hbox (2.15475pt too wide) in paragraph at lines 18--18
[]|\OT1/cmr/m/n/10 8| 
 []


Overfull \hbox (2.15475pt too wide) in paragraph at lines 19--19
[]|\OT1/cmr/m/n/10 1| 
 []


Overfull \hbox (2.15475pt too wide) in paragraph at lines 19--19
[]|\OT1/cmr/m/n/10 6| 
 []


Overfull \hbox (2.15475pt too wide) in paragraph at lines 19--19
[]|\OT1/cmr/m/n/10 1| 
 []


Overfull \hbox (2.15475pt too wide) in paragraph at lines 19--19
[]|\OT1/cmr/m/n/10 1| 
 []


Overfull \hbox (2.15475pt too wide) in paragraph at lines 19--19
[]|\OT1/cmr/m/n/10 1| 
 []


Overfull \hbox (2.15475pt too wide) in paragraph at lines 19--19
[]|\OT1/cmr/m/n/10 2| 
 []


Overfull \hbox (2.15475pt too wide) in paragraph at lines 19--19
[]|\OT1/cmr/m/n/10 1| 
 []


Overfull \hbox (7.15477pt too wide) in paragraph at lines 19--19
[]|\OT1/cmr/m/n/10 15| 
 []


Overfull \hbox (7.15477pt too wide) in paragraph at lines 19--19
[]|\OT1/cmr/m/n/10 11| 
 []


Overfull \hbox (2.15475pt too wide) in paragraph at lines 19--19
[]|\OT1/cmr/m/n/10 1| 
 []


Overfull \hbox (2.15475pt too wide) in paragraph at lines 19--19
[]|\OT1/cmr/m/n/10 2| 
 []


Overfull \hbox (2.15475pt too wide) in paragraph at lines 19--19
[]|\OT1/cmr/m/n/10 8| 
 []


Overfull \hbox (2.15475pt too wide) in paragraph at lines 19--19
[]|\OT1/cmr/m/n/10 1| 
 []


Overfull \hbox (2.15475pt too wide) in paragraph at lines 20--20
[]|\OT1/cmr/m/n/10 1| 
 []


Overfull \hbox (2.15475pt too wide) in paragraph at lines 20--20
[]|\OT1/cmr/m/n/10 8| 
 []


Overfull \hbox (2.15475pt too wide) in paragraph at lines 20--20
[]|\OT1/cmr/m/n/10 2| 
 []


Overfull \hbox (2.15475pt too wide) in paragraph at lines 20--20
[]|\OT1/cmr/m/n/10 1| 
 []


Overfull \hbox (2.15475pt too wide) in paragraph at lines 20--20
[]|\OT1/cmr/m/n/10 1| 
 []


Overfull \hbox (2.15475pt too wide) in paragraph at lines 20--20
[]|\OT1/cmr/m/n/10 1| 
 []


Overfull \hbox (7.15477pt too wide) in paragraph at lines 20--20
[]|\OT1/cmr/m/n/10 16| 
 []


Overfull \hbox (7.15477pt too wide) in paragraph at lines 20--20
[]|\OT1/cmr/m/n/10 11| 
 []


Overfull \hbox (2.15475pt too wide) in paragraph at lines 20--20
[]|\OT1/cmr/m/n/10 1| 
 []


Overfull \hbox (2.15475pt too wide) in paragraph at lines 20--20
[]|\OT1/cmr/m/n/10 2| 
 []


Overfull \hbox (7.15477pt too wide) in paragraph at lines 20--20
[]|\OT1/cmr/m/n/10 10| 
 []


Overfull \hbox (2.15475pt too wide) in paragraph at lines 20--20
[]|\OT1/cmr/m/n/10 1| 
 []


Overfull \hbox (2.15475pt too wide) in paragraph at lines 21--21
[]|\OT1/cmr/m/n/10 1| 
 []


Overfull \hbox (2.15475pt too wide) in paragraph at lines 21--21
[]|\OT1/cmr/m/n/10 8| 
 []


Overfull \hbox (2.15475pt too wide) in paragraph at lines 21--21
[]|\OT1/cmr/m/n/10 1| 
 []


Overfull \hbox (2.15475pt too wide) in paragraph at lines 21--21
[]|\OT1/cmr/m/n/10 1| 
 []


Overfull \hbox (2.15475pt too wide) in paragraph at lines 21--21
[]|\OT1/cmr/m/n/10 1| 
 []


Overfull \hbox (2.15475pt too wide) in paragraph at lines 21--21
[]|\OT1/cmr/m/n/10 2| 
 []


Overfull \hbox (2.15475pt too wide) in paragraph at lines 21--21
[]|\OT1/cmr/m/n/10 1| 
 []


Overfull \hbox (2.15475pt too wide) in paragraph at lines 21--21
[]|\OT1/cmr/m/n/10 1| 
 []


Overfull \hbox (7.15477pt too wide) in paragraph at lines 21--21
[]|\OT1/cmr/m/n/10 15| 
 []


Overfull \hbox (7.15477pt too wide) in paragraph at lines 21--21
[]|\OT1/cmr/m/n/10 12| 
 []


Overfull \hbox (2.15475pt too wide) in paragraph at lines 21--21
[]|\OT1/cmr/m/n/10 1| 
 []


Overfull \hbox (2.15475pt too wide) in paragraph at lines 21--21
[]|\OT1/cmr/m/n/10 1| 
 []


Overfull \hbox (7.15477pt too wide) in paragraph at lines 21--21
[]|\OT1/cmr/m/n/10 11| 
 []


Overfull \hbox (2.15475pt too wide) in paragraph at lines 21--21
[]|\OT1/cmr/m/n/10 1| 
 []


Overfull \hbox (2.15475pt too wide) in paragraph at lines 22--22
[]|\OT1/cmr/m/n/10 1| 
 []


Overfull \hbox (2.15475pt too wide) in paragraph at lines 22--22
[]|\OT1/cmr/m/n/10 1| 
 []


Overfull \hbox (2.15475pt too wide) in paragraph at lines 22--22
[]|\OT1/cmr/m/n/10 8| 
 []


Overfull \hbox (2.15475pt too wide) in paragraph at lines 22--22
[]|\OT1/cmr/m/n/10 1| 
 []


Overfull \hbox (2.15475pt too wide) in paragraph at lines 22--22
[]|\OT1/cmr/m/n/10 1| 
 []


Overfull \hbox (2.15475pt too wide) in paragraph at lines 22--22
[]|\OT1/cmr/m/n/10 1| 
 []


Overfull \hbox (2.15475pt too wide) in paragraph at lines 22--22
[]|\OT1/cmr/m/n/10 1| 
 []


Overfull \hbox (2.15475pt too wide) in paragraph at lines 22--22
[]|\OT1/cmr/m/n/10 1| 
 []


Overfull \hbox (2.15475pt too wide) in paragraph at lines 22--22
[]|\OT1/cmr/m/n/10 1| 
 []


Overfull \hbox (2.15475pt too wide) in paragraph at lines 22--22
[]|\OT1/cmr/m/n/10 1| 
 []


Overfull \hbox (2.15475pt too wide) in paragraph at lines 22--22
[]|\OT1/cmr/m/n/10 1| 
 []


Overfull \hbox (7.15477pt too wide) in paragraph at lines 22--22
[]|\OT1/cmr/m/n/10 15| 
 []


Overfull \hbox (7.15477pt too wide) in paragraph at lines 22--22
[]|\OT1/cmr/m/n/10 13| 
 []


Overfull \hbox (2.15475pt too wide) in paragraph at lines 22--22
[]|\OT1/cmr/m/n/10 2| 
 []


Overfull \hbox (7.15477pt too wide) in paragraph at lines 22--22
[]|\OT1/cmr/m/n/10 12| 
 []


Overfull \hbox (2.15475pt too wide) in paragraph at lines 22--22
[]|\OT1/cmr/m/n/10 1| 
 []


Overfull \hbox (2.15475pt too wide) in paragraph at lines 22--22
[]|\OT1/cmr/m/n/10 1| 
 []


Overfull \hbox (2.15475pt too wide) in paragraph at lines 23--23
[]|\OT1/cmr/m/n/10 1| 
 []


Overfull \hbox (2.15475pt too wide) in paragraph at lines 23--23
[]|\OT1/cmr/m/n/10 4| 
 []


Overfull \hbox (2.15475pt too wide) in paragraph at lines 23--23
[]|\OT1/cmr/m/n/10 7| 
 []


Overfull \hbox (2.15475pt too wide) in paragraph at lines 23--23
[]|\OT1/cmr/m/n/10 1| 
 []


Overfull \hbox (2.15475pt too wide) in paragraph at lines 23--23
[]|\OT1/cmr/m/n/10 1| 
 []


Overfull \hbox (2.15475pt too wide) in paragraph at lines 23--23
[]|\OT1/cmr/m/n/10 1| 
 []


Overfull \hbox (2.15475pt too wide) in paragraph at lines 23--23
[]|\OT1/cmr/m/n/10 1| 
 []


Overfull \hbox (2.15475pt too wide) in paragraph at lines 23--23
[]|\OT1/cmr/m/n/10 1| 
 []


Overfull \hbox (7.15477pt too wide) in paragraph at lines 23--23
[]|\OT1/cmr/m/n/10 18| 
 []


Overfull \hbox (7.15477pt too wide) in paragraph at lines 23--23
[]|\OT1/cmr/m/n/10 11| 
 []


Overfull \hbox (2.15475pt too wide) in paragraph at lines 23--23
[]|\OT1/cmr/m/n/10 1| 
 []


Overfull \hbox (2.15475pt too wide) in paragraph at lines 23--23
[]|\OT1/cmr/m/n/10 2| 
 []


Overfull \hbox (7.15477pt too wide) in paragraph at lines 23--23
[]|\OT1/cmr/m/n/10 14| 
 []


Overfull \hbox (2.15475pt too wide) in paragraph at lines 23--23
[]|\OT1/cmr/m/n/10 1| 
 []


Overfull \hbox (2.15475pt too wide) in paragraph at lines 24--24
[]|\OT1/cmr/m/n/10 1| 
 []


Overfull \hbox (2.15475pt too wide) in paragraph at lines 24--24
[]|\OT1/cmr/m/n/10 5| 
 []


Overfull \hbox (2.15475pt too wide) in paragraph at lines 24--24
[]|\OT1/cmr/m/n/10 6| 
 []


Overfull \hbox (2.15475pt too wide) in paragraph at lines 24--24
[]|\OT1/cmr/m/n/10 1| 
 []


Overfull \hbox (2.15475pt too wide) in paragraph at lines 24--24
[]|\OT1/cmr/m/n/10 1| 
 []


Overfull \hbox (2.15475pt too wide) in paragraph at lines 24--24
[]|\OT1/cmr/m/n/10 1| 
 []


Overfull \hbox (2.15475pt too wide) in paragraph at lines 24--24
[]|\OT1/cmr/m/n/10 2| 
 []


Overfull \hbox (2.15475pt too wide) in paragraph at lines 24--24
[]|\OT1/cmr/m/n/10 1| 
 []


Overfull \hbox (2.15475pt too wide) in paragraph at lines 24--24
[]|\OT1/cmr/m/n/10 1| 
 []


Overfull \hbox (2.15475pt too wide) in paragraph at lines 24--24
[]|\OT1/cmr/m/n/10 1| 
 []


Overfull \hbox (7.15477pt too wide) in paragraph at lines 24--24
[]|\OT1/cmr/m/n/10 18| 
 []


Overfull \hbox (7.15477pt too wide) in paragraph at lines 24--24
[]|\OT1/cmr/m/n/10 11| 
 []


Overfull \hbox (2.15475pt too wide) in paragraph at lines 24--24
[]|\OT1/cmr/m/n/10 1| 
 []


Overfull \hbox (2.15475pt too wide) in paragraph at lines 24--24
[]|\OT1/cmr/m/n/10 3| 
 []


Overfull \hbox (7.15477pt too wide) in paragraph at lines 24--24
[]|\OT1/cmr/m/n/10 15| 
 []


Overfull \hbox (2.15475pt too wide) in paragraph at lines 24--24
[]|\OT1/cmr/m/n/10 1| 
 []


Overfull \hbox (2.15475pt too wide) in paragraph at lines 24--24
[]|\OT1/cmr/m/n/10 1| 
 []


Overfull \hbox (2.15475pt too wide) in paragraph at lines 25--25
[]|\OT1/cmr/m/n/10 1| 
 []


Overfull \hbox (2.15475pt too wide) in paragraph at lines 25--25
[]|\OT1/cmr/m/n/10 6| 
 []


Overfull \hbox (2.15475pt too wide) in paragraph at lines 25--25
[]|\OT1/cmr/m/n/10 6| 
 []


Overfull \hbox (2.15475pt too wide) in paragraph at lines 25--25
[]|\OT1/cmr/m/n/10 1| 
 []


Overfull \hbox (2.15475pt too wide) in paragraph at lines 25--25
[]|\OT1/cmr/m/n/10 1| 
 []


Overfull \hbox (2.15475pt too wide) in paragraph at lines 25--25
[]|\OT1/cmr/m/n/10 1| 
 []


Overfull \hbox (2.15475pt too wide) in paragraph at lines 25--25
[]|\OT1/cmr/m/n/10 1| 
 []


Overfull \hbox (2.15475pt too wide) in paragraph at lines 25--25
[]|\OT1/cmr/m/n/10 1| 
 []


Overfull \hbox (2.15475pt too wide) in paragraph at lines 25--25
[]|\OT1/cmr/m/n/10 1| 
 []


Overfull \hbox (2.15475pt too wide) in paragraph at lines 25--25
[]|\OT1/cmr/m/n/10 1| 
 []


Overfull \hbox (2.15475pt too wide) in paragraph at lines 25--25
[]|\OT1/cmr/m/n/10 1| 
 []


Overfull \hbox (7.15477pt too wide) in paragraph at lines 25--25
[]|\OT1/cmr/m/n/10 19| 
 []


Overfull \hbox (7.15477pt too wide) in paragraph at lines 25--25
[]|\OT1/cmr/m/n/10 10| 
 []


Overfull \hbox (2.15475pt too wide) in paragraph at lines 25--25
[]|\OT1/cmr/m/n/10 1| 
 []


Overfull \hbox (2.15475pt too wide) in paragraph at lines 25--25
[]|\OT1/cmr/m/n/10 4| 
 []


Overfull \hbox (7.15477pt too wide) in paragraph at lines 25--25
[]|\OT1/cmr/m/n/10 17| 
 []


Overfull \hbox (2.15475pt too wide) in paragraph at lines 25--25
[]|\OT1/cmr/m/n/10 1| 
 []


Overfull \hbox (2.15475pt too wide) in paragraph at lines 26--26
[]|\OT1/cmr/m/n/10 1| 
 []


Overfull \hbox (2.15475pt too wide) in paragraph at lines 26--26
[]|\OT1/cmr/m/n/10 2| 
 []


Overfull \hbox (2.15475pt too wide) in paragraph at lines 26--26
[]|\OT1/cmr/m/n/10 1| 
 []


Overfull \hbox (2.15475pt too wide) in paragraph at lines 26--26
[]|\OT1/cmr/m/n/10 3| 
 []


Overfull \hbox (2.15475pt too wide) in paragraph at lines 26--26
[]|\OT1/cmr/m/n/10 9| 
 []


Overfull \hbox (2.15475pt too wide) in paragraph at lines 26--26
[]|\OT1/cmr/m/n/10 5| 
 []


Overfull \hbox (2.15475pt too wide) in paragraph at lines 26--26
[]|\OT1/cmr/m/n/10 1| 
 []


Overfull \hbox (7.15477pt too wide) in paragraph at lines 26--26
[]|\OT1/cmr/m/n/10 21| 
 []


Overfull \hbox (2.15475pt too wide) in paragraph at lines 26--26
[]|\OT1/cmr/m/n/10 8| 
 []


Overfull \hbox (2.15475pt too wide) in paragraph at lines 26--26
[]|\OT1/cmr/m/n/10 1| 
 []


Overfull \hbox (2.15475pt too wide) in paragraph at lines 26--26
[]|\OT1/cmr/m/n/10 1| 
 []


Overfull \hbox (2.15475pt too wide) in paragraph at lines 26--26
[]|\OT1/cmr/m/n/10 4| 
 []


Overfull \hbox (7.15477pt too wide) in paragraph at lines 26--26
[]|\OT1/cmr/m/n/10 18| 
 []


Overfull \hbox (2.15475pt too wide) in paragraph at lines 26--26
[]|\OT1/cmr/m/n/10 1| 
 []


Overfull \hbox (2.15475pt too wide) in paragraph at lines 27--27
[]|\OT1/cmr/m/n/10 1| 
 []


Overfull \hbox (2.15475pt too wide) in paragraph at lines 27--27
[]|\OT1/cmr/m/n/10 1| 
 []


Overfull \hbox (7.15477pt too wide) in paragraph at lines 27--27
[]|\OT1/cmr/m/n/10 13| 
 []


Overfull \hbox (2.15475pt too wide) in paragraph at lines 27--27
[]|\OT1/cmr/m/n/10 3| 
 []


Overfull \hbox (2.15475pt too wide) in paragraph at lines 27--27
[]|\OT1/cmr/m/n/10 1| 
 []


Overfull \hbox (7.15477pt too wide) in paragraph at lines 27--27
[]|\OT1/cmr/m/n/10 27| 
 []


Overfull \hbox (2.15475pt too wide) in paragraph at lines 27--27
[]|\OT1/cmr/m/n/10 4| 
 []


Overfull \hbox (2.15475pt too wide) in paragraph at lines 27--27
[]|\OT1/cmr/m/n/10 2| 
 []


Overfull \hbox (2.15475pt too wide) in paragraph at lines 27--27
[]|\OT1/cmr/m/n/10 1| 
 []


Overfull \hbox (2.15475pt too wide) in paragraph at lines 27--27
[]|\OT1/cmr/m/n/10 6| 
 []


Overfull \hbox (7.15477pt too wide) in paragraph at lines 27--27
[]|\OT1/cmr/m/n/10 19| 
 []


Overfull \hbox (2.15475pt too wide) in paragraph at lines 27--27
[]|\OT1/cmr/m/n/10 1| 
 []


Overfull \hbox (2.15475pt too wide) in paragraph at lines 27--27
[]|\OT1/cmr/m/n/10 1| 
 []


Overfull \hbox (2.15475pt too wide) in paragraph at lines 27--27
[]|\OT1/cmr/m/n/10 1| 
 []


Overfull \hbox (2.15475pt too wide) in paragraph at lines 28--28
[]|\OT1/cmr/m/n/10 1| 
 []


Overfull \hbox (2.15475pt too wide) in paragraph at lines 28--28
[]|\OT1/cmr/m/n/10 1| 
 []


Overfull \hbox (7.15477pt too wide) in paragraph at lines 28--28
[]|\OT1/cmr/m/n/10 13| 
 []


Overfull \hbox (7.15477pt too wide) in paragraph at lines 28--28
[]|\OT1/cmr/m/n/10 38| 
 []


Overfull \hbox (2.15475pt too wide) in paragraph at lines 28--28
[]|\OT1/cmr/m/n/10 1| 
 []


Overfull \hbox (2.15475pt too wide) in paragraph at lines 28--28
[]|\OT1/cmr/m/n/10 9| 
 []


Overfull \hbox (7.15477pt too wide) in paragraph at lines 28--28
[]|\OT1/cmr/m/n/10 21| 
 []


Overfull \hbox (2.15475pt too wide) in paragraph at lines 28--28
[]|\OT1/cmr/m/n/10 1| 
 []


Overfull \hbox (2.15475pt too wide) in paragraph at lines 28--28
[]|\OT1/cmr/m/n/10 1| 
 []


Overfull \hbox (2.15475pt too wide) in paragraph at lines 28--28
[]|\OT1/cmr/m/n/10 1| 
 []


Overfull \hbox (2.15475pt too wide) in paragraph at lines 29--29
[]|\OT1/cmr/m/n/10 1| 
 []


Overfull \hbox (2.15475pt too wide) in paragraph at lines 29--29
[]|\OT1/cmr/m/n/10 2| 
 []


Overfull \hbox (7.15477pt too wide) in paragraph at lines 29--29
[]|\OT1/cmr/m/n/10 12| 
 []


Overfull \hbox (2.15475pt too wide) in paragraph at lines 29--29
[]|\OT1/cmr/m/n/10 1| 
 []


Overfull \hbox (2.15475pt too wide) in paragraph at lines 29--29
[]|\OT1/cmr/m/n/10 1| 
 []


Overfull \hbox (2.15475pt too wide) in paragraph at lines 29--29
[]|\OT1/cmr/m/n/10 2| 
 []


Overfull \hbox (7.15477pt too wide) in paragraph at lines 29--29
[]|\OT1/cmr/m/n/10 35| 
 []


Overfull \hbox (2.15475pt too wide) in paragraph at lines 29--29
[]|\OT1/cmr/m/n/10 1| 
 []


Overfull \hbox (7.15477pt too wide) in paragraph at lines 29--29
[]|\OT1/cmr/m/n/10 37| 
 []


Overfull \hbox (2.15475pt too wide) in paragraph at lines 29--29
[]|\OT1/cmr/m/n/10 1| 
 []


Overfull \hbox (2.15475pt too wide) in paragraph at lines 29--29
[]|\OT1/cmr/m/n/10 1| 
 []


Overfull \hbox (2.15475pt too wide) in paragraph at lines 29--29
[]|\OT1/cmr/m/n/10 1| 
 []


Overfull \hbox (2.15475pt too wide) in paragraph at lines 29--29
[]|\OT1/cmr/m/n/10 1| 
 []


Overfull \hbox (2.15475pt too wide) in paragraph at lines 30--30
[]|\OT1/cmr/m/n/10 1| 
 []


Overfull \hbox (2.15475pt too wide) in paragraph at lines 30--30
[]|\OT1/cmr/m/n/10 1| 
 []


Overfull \hbox (7.15477pt too wide) in paragraph at lines 30--30
[]|\OT1/cmr/m/n/10 11| 
 []


Overfull \hbox (2.15475pt too wide) in paragraph at lines 30--30
[]|\OT1/cmr/m/n/10 2| 
 []


Overfull \hbox (2.15475pt too wide) in paragraph at lines 30--30
[]|\OT1/cmr/m/n/10 1| 
 []


Overfull \hbox (2.15475pt too wide) in paragraph at lines 30--30
[]|\OT1/cmr/m/n/10 3| 
 []


Overfull \hbox (2.15475pt too wide) in paragraph at lines 30--30
[]|\OT1/cmr/m/n/10 1| 
 []


Overfull \hbox (7.15477pt too wide) in paragraph at lines 30--30
[]|\OT1/cmr/m/n/10 34| 
 []


Overfull \hbox (2.15475pt too wide) in paragraph at lines 30--30
[]|\OT1/cmr/m/n/10 1| 
 []


Overfull \hbox (7.15477pt too wide) in paragraph at lines 30--30
[]|\OT1/cmr/m/n/10 36| 
 []


Overfull \hbox (2.15475pt too wide) in paragraph at lines 30--30
[]|\OT1/cmr/m/n/10 1| 
 []


Overfull \hbox (2.15475pt too wide) in paragraph at lines 30--30
[]|\OT1/cmr/m/n/10 1| 
 []


Overfull \hbox (2.15475pt too wide) in paragraph at lines 30--30
[]|\OT1/cmr/m/n/10 2| 
 []


Overfull \hbox (2.15475pt too wide) in paragraph at lines 30--30
[]|\OT1/cmr/m/n/10 1| 
 []


Overfull \hbox (2.15475pt too wide) in paragraph at lines 31--31
[]|\OT1/cmr/m/n/10 1| 
 []


Overfull \hbox (2.15475pt too wide) in paragraph at lines 31--31
[]|\OT1/cmr/m/n/10 1| 
 []


Overfull \hbox (7.15477pt too wide) in paragraph at lines 31--31
[]|\OT1/cmr/m/n/10 10| 
 []


Overfull \hbox (2.15475pt too wide) in paragraph at lines 31--31
[]|\OT1/cmr/m/n/10 2| 
 []


Overfull \hbox (2.15475pt too wide) in paragraph at lines 31--31
[]|\OT1/cmr/m/n/10 2| 
 []


Overfull \hbox (2.15475pt too wide) in paragraph at lines 31--31
[]|\OT1/cmr/m/n/10 3| 
 []


Overfull \hbox (7.15477pt too wide) in paragraph at lines 31--31
[]|\OT1/cmr/m/n/10 36| 
 []


Overfull \hbox (2.15475pt too wide) in paragraph at lines 31--31
[]|\OT1/cmr/m/n/10 1| 
 []


Overfull \hbox (7.15477pt too wide) in paragraph at lines 31--31
[]|\OT1/cmr/m/n/10 35| 
 []


Overfull \hbox (2.15475pt too wide) in paragraph at lines 31--31
[]|\OT1/cmr/m/n/10 1| 
 []


Overfull \hbox (2.15475pt too wide) in paragraph at lines 31--31
[]|\OT1/cmr/m/n/10 1| 
 []


Overfull \hbox (2.15475pt too wide) in paragraph at lines 31--31
[]|\OT1/cmr/m/n/10 1| 
 []


Overfull \hbox (2.15475pt too wide) in paragraph at lines 31--31
[]|\OT1/cmr/m/n/10 2| 
 []


Overfull \hbox (2.15475pt too wide) in paragraph at lines 32--32
[]|\OT1/cmr/m/n/10 2| 
 []


Overfull \hbox (2.15475pt too wide) in paragraph at lines 32--32
[]|\OT1/cmr/m/n/10 7| 
 []


Overfull \hbox (2.15475pt too wide) in paragraph at lines 32--32
[]|\OT1/cmr/m/n/10 3| 
 []


Overfull \hbox (2.15475pt too wide) in paragraph at lines 32--32
[]|\OT1/cmr/m/n/10 1| 
 []


Overfull \hbox (2.15475pt too wide) in paragraph at lines 32--32
[]|\OT1/cmr/m/n/10 4| 
 []


Overfull \hbox (2.15475pt too wide) in paragraph at lines 32--32
[]|\OT1/cmr/m/n/10 1| 
 []


Overfull \hbox (7.15477pt too wide) in paragraph at lines 32--32
[]|\OT1/cmr/m/n/10 37| 
 []


Overfull \hbox (2.15475pt too wide) in paragraph at lines 32--32
[]|\OT1/cmr/m/n/10 1| 
 []


Overfull \hbox (7.15477pt too wide) in paragraph at lines 32--32
[]|\OT1/cmr/m/n/10 33| 
 []


Overfull \hbox (2.15475pt too wide) in paragraph at lines 32--32
[]|\OT1/cmr/m/n/10 1| 
 []


Overfull \hbox (2.15475pt too wide) in paragraph at lines 32--32
[]|\OT1/cmr/m/n/10 1| 
 []


Overfull \hbox (2.15475pt too wide) in paragraph at lines 32--32
[]|\OT1/cmr/m/n/10 3| 
 []


Overfull \hbox (2.15475pt too wide) in paragraph at lines 32--32
[]|\OT1/cmr/m/n/10 1| 
 []


Overfull \hbox (2.15475pt too wide) in paragraph at lines 32--32
[]|\OT1/cmr/m/n/10 1| 
 []


Overfull \hbox (2.15475pt too wide) in paragraph at lines 33--33
[]|\OT1/cmr/m/n/10 2| 
 []


Overfull \hbox (2.15475pt too wide) in paragraph at lines 33--33
[]|\OT1/cmr/m/n/10 2| 
 []


Overfull \hbox (2.15475pt too wide) in paragraph at lines 33--33
[]|\OT1/cmr/m/n/10 3| 
 []


Overfull \hbox (2.15475pt too wide) in paragraph at lines 33--33
[]|\OT1/cmr/m/n/10 2| 
 []


Overfull \hbox (2.15475pt too wide) in paragraph at lines 33--33
[]|\OT1/cmr/m/n/10 1| 
 []


Overfull \hbox (2.15475pt too wide) in paragraph at lines 33--33
[]|\OT1/cmr/m/n/10 1| 
 []


Overfull \hbox (2.15475pt too wide) in paragraph at lines 33--33
[]|\OT1/cmr/m/n/10 1| 
 []


Overfull \hbox (2.15475pt too wide) in paragraph at lines 33--33
[]|\OT1/cmr/m/n/10 5| 
 []


Overfull \hbox (7.15477pt too wide) in paragraph at lines 33--33
[]|\OT1/cmr/m/n/10 38| 
 []


Overfull \hbox (7.15477pt too wide) in paragraph at lines 33--33
[]|\OT1/cmr/m/n/10 33| 
 []


Overfull \hbox (2.15475pt too wide) in paragraph at lines 33--33
[]|\OT1/cmr/m/n/10 1| 
 []


Overfull \hbox (2.15475pt too wide) in paragraph at lines 33--33
[]|\OT1/cmr/m/n/10 1| 
 []


Overfull \hbox (2.15475pt too wide) in paragraph at lines 33--33
[]|\OT1/cmr/m/n/10 3| 
 []


Overfull \hbox (2.15475pt too wide) in paragraph at lines 33--33
[]|\OT1/cmr/m/n/10 2| 
 []


Overfull \hbox (2.15475pt too wide) in paragraph at lines 33--33
[]|\OT1/cmr/m/n/10 1| 
 []


Overfull \hbox (2.15475pt too wide) in paragraph at lines 34--34
[]|\OT1/cmr/m/n/10 1| 
 []


Overfull \hbox (2.15475pt too wide) in paragraph at lines 34--34
[]|\OT1/cmr/m/n/10 1| 
 []


Overfull \hbox (2.15475pt too wide) in paragraph at lines 34--34
[]|\OT1/cmr/m/n/10 4| 
 []


Overfull \hbox (2.15475pt too wide) in paragraph at lines 34--34
[]|\OT1/cmr/m/n/10 1| 
 []


Overfull \hbox (2.15475pt too wide) in paragraph at lines 34--34
[]|\OT1/cmr/m/n/10 2| 
 []


Overfull \hbox (2.15475pt too wide) in paragraph at lines 34--34
[]|\OT1/cmr/m/n/10 1| 
 []


Overfull \hbox (2.15475pt too wide) in paragraph at lines 34--34
[]|\OT1/cmr/m/n/10 1| 
 []


Overfull \hbox (2.15475pt too wide) in paragraph at lines 34--34
[]|\OT1/cmr/m/n/10 1| 
 []


Overfull \hbox (2.15475pt too wide) in paragraph at lines 34--34
[]|\OT1/cmr/m/n/10 1| 
 []


Overfull \hbox (2.15475pt too wide) in paragraph at lines 34--34
[]|\OT1/cmr/m/n/10 4| 
 []


Overfull \hbox (2.15475pt too wide) in paragraph at lines 34--34
[]|\OT1/cmr/m/n/10 1| 
 []


Overfull \hbox (7.15477pt too wide) in paragraph at lines 34--34
[]|\OT1/cmr/m/n/10 15| 
 []


Overfull \hbox (2.15475pt too wide) in paragraph at lines 34--34
[]|\OT1/cmr/m/n/10 1| 
 []


Overfull \hbox (7.15477pt too wide) in paragraph at lines 34--34
[]|\OT1/cmr/m/n/10 21| 
 []


Overfull \hbox (2.15475pt too wide) in paragraph at lines 34--34
[]|\OT1/cmr/m/n/10 1| 
 []


Overfull \hbox (7.15477pt too wide) in paragraph at lines 34--34
[]|\OT1/cmr/m/n/10 32| 
 []


Overfull \hbox (2.15475pt too wide) in paragraph at lines 34--34
[]|\OT1/cmr/m/n/10 1| 
 []


Overfull \hbox (2.15475pt too wide) in paragraph at lines 34--34
[]|\OT1/cmr/m/n/10 5| 
 []


Overfull \hbox (2.15475pt too wide) in paragraph at lines 34--34
[]|\OT1/cmr/m/n/10 2| 
 []


Overfull \hbox (2.15475pt too wide) in paragraph at lines 34--34
[]|\OT1/cmr/m/n/10 1| 
 []


Overfull \hbox (2.15475pt too wide) in paragraph at lines 35--35
[]|\OT1/cmr/m/n/10 1| 
 []


Overfull \hbox (2.15475pt too wide) in paragraph at lines 35--35
[]|\OT1/cmr/m/n/10 1| 
 []


Overfull \hbox (2.15475pt too wide) in paragraph at lines 35--35
[]|\OT1/cmr/m/n/10 6| 
 []


Overfull \hbox (2.15475pt too wide) in paragraph at lines 35--35
[]|\OT1/cmr/m/n/10 1| 
 []


Overfull \hbox (2.15475pt too wide) in paragraph at lines 35--35
[]|\OT1/cmr/m/n/10 2| 
 []


Overfull \hbox (2.15475pt too wide) in paragraph at lines 35--35
[]|\OT1/cmr/m/n/10 4| 
 []


Overfull \hbox (2.15475pt too wide) in paragraph at lines 35--35
[]|\OT1/cmr/m/n/10 1| 
 []


Overfull \hbox (7.15477pt too wide) in paragraph at lines 35--35
[]|\OT1/cmr/m/n/10 15| 
 []


Overfull \hbox (2.15475pt too wide) in paragraph at lines 35--35
[]|\OT1/cmr/m/n/10 1| 
 []


Overfull \hbox (7.15477pt too wide) in paragraph at lines 35--35
[]|\OT1/cmr/m/n/10 22| 
 []


Overfull \hbox (2.15475pt too wide) in paragraph at lines 35--35
[]|\OT1/cmr/m/n/10 1| 
 []


Overfull \hbox (7.15477pt too wide) in paragraph at lines 35--35
[]|\OT1/cmr/m/n/10 30| 
 []


Overfull \hbox (2.15475pt too wide) in paragraph at lines 35--35
[]|\OT1/cmr/m/n/10 1| 
 []


Overfull \hbox (2.15475pt too wide) in paragraph at lines 35--35
[]|\OT1/cmr/m/n/10 1| 
 []


Overfull \hbox (2.15475pt too wide) in paragraph at lines 35--35
[]|\OT1/cmr/m/n/10 6| 
 []


Overfull \hbox (2.15475pt too wide) in paragraph at lines 35--35
[]|\OT1/cmr/m/n/10 1| 
 []


Overfull \hbox (2.15475pt too wide) in paragraph at lines 35--35
[]|\OT1/cmr/m/n/10 1| 
 []


Overfull \hbox (2.15475pt too wide) in paragraph at lines 36--36
[]|\OT1/cmr/m/n/10 1| 
 []


Overfull \hbox (2.15475pt too wide) in paragraph at lines 36--36
[]|\OT1/cmr/m/n/10 1| 
 []


Overfull \hbox (2.15475pt too wide) in paragraph at lines 36--36
[]|\OT1/cmr/m/n/10 5| 
 []


Overfull \hbox (2.15475pt too wide) in paragraph at lines 36--36
[]|\OT1/cmr/m/n/10 1| 
 []


Overfull \hbox (2.15475pt too wide) in paragraph at lines 36--36
[]|\OT1/cmr/m/n/10 1| 
 []


Overfull \hbox (2.15475pt too wide) in paragraph at lines 36--36
[]|\OT1/cmr/m/n/10 1| 
 []


Overfull \hbox (2.15475pt too wide) in paragraph at lines 36--36
[]|\OT1/cmr/m/n/10 1| 
 []


Overfull \hbox (2.15475pt too wide) in paragraph at lines 36--36
[]|\OT1/cmr/m/n/10 3| 
 []


Overfull \hbox (2.15475pt too wide) in paragraph at lines 36--36
[]|\OT1/cmr/m/n/10 1| 
 []


Overfull \hbox (7.15477pt too wide) in paragraph at lines 36--36
[]|\OT1/cmr/m/n/10 15| 
 []


Overfull \hbox (2.15475pt too wide) in paragraph at lines 36--36
[]|\OT1/cmr/m/n/10 1| 
 []


Overfull \hbox (7.15477pt too wide) in paragraph at lines 36--36
[]|\OT1/cmr/m/n/10 23| 
 []


Overfull \hbox (2.15475pt too wide) in paragraph at lines 36--36
[]|\OT1/cmr/m/n/10 1| 
 []


Overfull \hbox (7.15477pt too wide) in paragraph at lines 36--36
[]|\OT1/cmr/m/n/10 29| 
 []


Overfull \hbox (2.15475pt too wide) in paragraph at lines 36--36
[]|\OT1/cmr/m/n/10 1| 
 []


Overfull \hbox (2.15475pt too wide) in paragraph at lines 36--36
[]|\OT1/cmr/m/n/10 1| 
 []


Overfull \hbox (2.15475pt too wide) in paragraph at lines 36--36
[]|\OT1/cmr/m/n/10 6| 
 []


Overfull \hbox (2.15475pt too wide) in paragraph at lines 36--36
[]|\OT1/cmr/m/n/10 2| 
 []


Overfull \hbox (2.15475pt too wide) in paragraph at lines 36--36
[]|\OT1/cmr/m/n/10 1| 
 []


Overfull \hbox (2.15475pt too wide) in paragraph at lines 37--37
[]|\OT1/cmr/m/n/10 1| 
 []


Overfull \hbox (2.15475pt too wide) in paragraph at lines 37--37
[]|\OT1/cmr/m/n/10 1| 
 []


Overfull \hbox (2.15475pt too wide) in paragraph at lines 37--37
[]|\OT1/cmr/m/n/10 4| 
 []


Overfull \hbox (2.15475pt too wide) in paragraph at lines 37--37
[]|\OT1/cmr/m/n/10 1| 
 []


Overfull \hbox (2.15475pt too wide) in paragraph at lines 37--37
[]|\OT1/cmr/m/n/10 1| 
 []


Overfull \hbox (2.15475pt too wide) in paragraph at lines 37--37
[]|\OT1/cmr/m/n/10 1| 
 []


Overfull \hbox (2.15475pt too wide) in paragraph at lines 37--37
[]|\OT1/cmr/m/n/10 1| 
 []


Overfull \hbox (2.15475pt too wide) in paragraph at lines 37--37
[]|\OT1/cmr/m/n/10 2| 
 []


Overfull \hbox (2.15475pt too wide) in paragraph at lines 37--37
[]|\OT1/cmr/m/n/10 1| 
 []


Overfull \hbox (2.15475pt too wide) in paragraph at lines 37--37
[]|\OT1/cmr/m/n/10 1| 
 []


Overfull \hbox (7.15477pt too wide) in paragraph at lines 37--37
[]|\OT1/cmr/m/n/10 14| 
 []


Overfull \hbox (2.15475pt too wide) in paragraph at lines 37--37
[]|\OT1/cmr/m/n/10 3| 
 []


Overfull \hbox (7.15477pt too wide) in paragraph at lines 37--37
[]|\OT1/cmr/m/n/10 23| 
 []


Overfull \hbox (7.15477pt too wide) in paragraph at lines 37--37
[]|\OT1/cmr/m/n/10 29| 
 []


Overfull \hbox (2.15475pt too wide) in paragraph at lines 37--37
[]|\OT1/cmr/m/n/10 1| 
 []


Overfull \hbox (2.15475pt too wide) in paragraph at lines 37--37
[]|\OT1/cmr/m/n/10 8| 
 []


Overfull \hbox (2.15475pt too wide) in paragraph at lines 37--37
[]|\OT1/cmr/m/n/10 1| 
 []


Overfull \hbox (2.15475pt too wide) in paragraph at lines 37--37
[]|\OT1/cmr/m/n/10 1| 
 []


Overfull \hbox (2.15475pt too wide) in paragraph at lines 38--38
[]|\OT1/cmr/m/n/10 1| 
 []


Overfull \hbox (2.15475pt too wide) in paragraph at lines 38--38
[]|\OT1/cmr/m/n/10 6| 
 []


Overfull \hbox (2.15475pt too wide) in paragraph at lines 38--38
[]|\OT1/cmr/m/n/10 1| 
 []


Overfull \hbox (2.15475pt too wide) in paragraph at lines 38--38
[]|\OT1/cmr/m/n/10 8| 
 []


Overfull \hbox (2.15475pt too wide) in paragraph at lines 38--38
[]|\OT1/cmr/m/n/10 1| 
 []


Overfull \hbox (2.15475pt too wide) in paragraph at lines 38--38
[]|\OT1/cmr/m/n/10 2| 
 []


Overfull \hbox (2.15475pt too wide) in paragraph at lines 38--38
[]|\OT1/cmr/m/n/10 2| 
 []


Overfull \hbox (2.15475pt too wide) in paragraph at lines 38--38
[]|\OT1/cmr/m/n/10 1| 
 []


Overfull \hbox (2.15475pt too wide) in paragraph at lines 38--38
[]|\OT1/cmr/m/n/10 1| 
 []


Overfull \hbox (2.15475pt too wide) in paragraph at lines 38--38
[]|\OT1/cmr/m/n/10 1| 
 []


Overfull \hbox (2.15475pt too wide) in paragraph at lines 38--38
[]|\OT1/cmr/m/n/10 1| 
 []


Overfull \hbox (2.15475pt too wide) in paragraph at lines 38--38
[]|\OT1/cmr/m/n/10 1| 
 []


Overfull \hbox (2.15475pt too wide) in paragraph at lines 38--38
[]|\OT1/cmr/m/n/10 1| 
 []


Overfull \hbox (2.15475pt too wide) in paragraph at lines 38--38
[]|\OT1/cmr/m/n/10 1| 
 []


Overfull \hbox (2.15475pt too wide) in paragraph at lines 38--38
[]|\OT1/cmr/m/n/10 1| 
 []


Overfull \hbox (2.15475pt too wide) in paragraph at lines 38--38
[]|\OT1/cmr/m/n/10 1| 
 []


Overfull \hbox (2.15475pt too wide) in paragraph at lines 38--38
[]|\OT1/cmr/m/n/10 1| 
 []


Overfull \hbox (2.15475pt too wide) in paragraph at lines 38--38
[]|\OT1/cmr/m/n/10 2| 
 []


Overfull \hbox (7.15477pt too wide) in paragraph at lines 38--38
[]|\OT1/cmr/m/n/10 20| 
 []


Overfull \hbox (2.15475pt too wide) in paragraph at lines 38--38
[]|\OT1/cmr/m/n/10 1| 
 []


Overfull \hbox (7.15477pt too wide) in paragraph at lines 38--38
[]|\OT1/cmr/m/n/10 27| 
 []


Overfull \hbox (2.15475pt too wide) in paragraph at lines 38--38
[]|\OT1/cmr/m/n/10 1| 
 []


Overfull \hbox (2.15475pt too wide) in paragraph at lines 38--38
[]|\OT1/cmr/m/n/10 1| 
 []


Overfull \hbox (2.15475pt too wide) in paragraph at lines 38--38
[]|\OT1/cmr/m/n/10 1| 
 []


Overfull \hbox (2.15475pt too wide) in paragraph at lines 38--38
[]|\OT1/cmr/m/n/10 7| 
 []


Overfull \hbox (2.15475pt too wide) in paragraph at lines 38--38
[]|\OT1/cmr/m/n/10 2| 
 []


Overfull \hbox (2.15475pt too wide) in paragraph at lines 38--38
[]|\OT1/cmr/m/n/10 1| 
 []


Overfull \hbox (2.15475pt too wide) in paragraph at lines 39--39
[]|\OT1/cmr/m/n/10 1| 
 []


Overfull \hbox (2.15475pt too wide) in paragraph at lines 39--39
[]|\OT1/cmr/m/n/10 4| 
 []


Overfull \hbox (2.15475pt too wide) in paragraph at lines 39--39
[]|\OT1/cmr/m/n/10 1| 
 []


Overfull \hbox (2.15475pt too wide) in paragraph at lines 39--39
[]|\OT1/cmr/m/n/10 1| 
 []


Overfull \hbox (2.15475pt too wide) in paragraph at lines 39--39
[]|\OT1/cmr/m/n/10 1| 
 []


Overfull \hbox (2.15475pt too wide) in paragraph at lines 39--39
[]|\OT1/cmr/m/n/10 1| 
 []


Overfull \hbox (2.15475pt too wide) in paragraph at lines 39--39
[]|\OT1/cmr/m/n/10 1| 
 []


Overfull \hbox (2.15475pt too wide) in paragraph at lines 39--39
[]|\OT1/cmr/m/n/10 1| 
 []


Overfull \hbox (2.15475pt too wide) in paragraph at lines 39--39
[]|\OT1/cmr/m/n/10 1| 
 []


Overfull \hbox (2.15475pt too wide) in paragraph at lines 39--39
[]|\OT1/cmr/m/n/10 1| 
 []


Overfull \hbox (2.15475pt too wide) in paragraph at lines 39--39
[]|\OT1/cmr/m/n/10 1| 
 []


Overfull \hbox (2.15475pt too wide) in paragraph at lines 39--39
[]|\OT1/cmr/m/n/10 1| 
 []


Overfull \hbox (2.15475pt too wide) in paragraph at lines 39--39
[]|\OT1/cmr/m/n/10 1| 
 []


Overfull \hbox (2.15475pt too wide) in paragraph at lines 39--39
[]|\OT1/cmr/m/n/10 1| 
 []


Overfull \hbox (7.15477pt too wide) in paragraph at lines 39--39
[]|\OT1/cmr/m/n/10 19| 
 []


Overfull \hbox (2.15475pt too wide) in paragraph at lines 39--39
[]|\OT1/cmr/m/n/10 1| 
 []


Overfull \hbox (7.15477pt too wide) in paragraph at lines 39--39
[]|\OT1/cmr/m/n/10 25| 
 []


Overfull \hbox (2.15475pt too wide) in paragraph at lines 39--39
[]|\OT1/cmr/m/n/10 3| 
 []


Overfull \hbox (2.15475pt too wide) in paragraph at lines 39--39
[]|\OT1/cmr/m/n/10 1| 
 []


Overfull \hbox (2.15475pt too wide) in paragraph at lines 39--39
[]|\OT1/cmr/m/n/10 8| 
 []


Overfull \hbox (2.15475pt too wide) in paragraph at lines 39--39
[]|\OT1/cmr/m/n/10 1| 
 []


Overfull \hbox (2.15475pt too wide) in paragraph at lines 39--39
[]|\OT1/cmr/m/n/10 1| 
 []


Overfull \hbox (2.15475pt too wide) in paragraph at lines 40--40
[]|\OT1/cmr/m/n/10 1| 
 []


Overfull \hbox (2.15475pt too wide) in paragraph at lines 40--40
[]|\OT1/cmr/m/n/10 4| 
 []


Overfull \hbox (2.15475pt too wide) in paragraph at lines 40--40
[]|\OT1/cmr/m/n/10 1| 
 []


Overfull \hbox (2.15475pt too wide) in paragraph at lines 40--40
[]|\OT1/cmr/m/n/10 1| 
 []


Overfull \hbox (2.15475pt too wide) in paragraph at lines 40--40
[]|\OT1/cmr/m/n/10 1| 
 []


Overfull \hbox (2.15475pt too wide) in paragraph at lines 40--40
[]|\OT1/cmr/m/n/10 1| 
 []


Overfull \hbox (7.15477pt too wide) in paragraph at lines 40--40
[]|\OT1/cmr/m/n/10 18| 
 []


Overfull \hbox (2.15475pt too wide) in paragraph at lines 40--40
[]|\OT1/cmr/m/n/10 1| 
 []


Overfull \hbox (7.15477pt too wide) in paragraph at lines 40--40
[]|\OT1/cmr/m/n/10 24| 
 []


Overfull \hbox (2.15475pt too wide) in paragraph at lines 40--40
[]|\OT1/cmr/m/n/10 3| 
 []


Overfull \hbox (2.15475pt too wide) in paragraph at lines 40--40
[]|\OT1/cmr/m/n/10 1| 
 []


Overfull \hbox (2.15475pt too wide) in paragraph at lines 40--40
[]|\OT1/cmr/m/n/10 9| 
 []


Overfull \hbox (2.15475pt too wide) in paragraph at lines 40--40
[]|\OT1/cmr/m/n/10 1| 
 []


Overfull \hbox (2.15475pt too wide) in paragraph at lines 40--40
[]|\OT1/cmr/m/n/10 1| 
 []


Overfull \hbox (2.15475pt too wide) in paragraph at lines 41--41
[]|\OT1/cmr/m/n/10 1| 
 []


Overfull \hbox (2.15475pt too wide) in paragraph at lines 41--41
[]|\OT1/cmr/m/n/10 1| 
 []


Overfull \hbox (2.15475pt too wide) in paragraph at lines 41--41
[]|\OT1/cmr/m/n/10 1| 
 []


Overfull \hbox (2.15475pt too wide) in paragraph at lines 41--41
[]|\OT1/cmr/m/n/10 1| 
 []


Overfull \hbox (2.15475pt too wide) in paragraph at lines 41--41
[]|\OT1/cmr/m/n/10 1| 
 []


Overfull \hbox (2.15475pt too wide) in paragraph at lines 41--41
[]|\OT1/cmr/m/n/10 1| 
 []


Overfull \hbox (7.15477pt too wide) in paragraph at lines 41--41
[]|\OT1/cmr/m/n/10 18| 
 []


Overfull \hbox (2.15475pt too wide) in paragraph at lines 41--41
[]|\OT1/cmr/m/n/10 1| 
 []


Overfull \hbox (7.15477pt too wide) in paragraph at lines 41--41
[]|\OT1/cmr/m/n/10 22| 
 []


Overfull \hbox (2.15475pt too wide) in paragraph at lines 41--41
[]|\OT1/cmr/m/n/10 4| 
 []


Overfull \hbox (2.15475pt too wide) in paragraph at lines 41--41
[]|\OT1/cmr/m/n/10 1| 
 []


Overfull \hbox (2.15475pt too wide) in paragraph at lines 41--41
[]|\OT1/cmr/m/n/10 1| 
 []


Overfull \hbox (2.15475pt too wide) in paragraph at lines 41--41
[]|\OT1/cmr/m/n/10 8| 
 []


Overfull \hbox (2.15475pt too wide) in paragraph at lines 41--41
[]|\OT1/cmr/m/n/10 1| 
 []


Overfull \hbox (2.15475pt too wide) in paragraph at lines 41--41
[]|\OT1/cmr/m/n/10 1| 
 []


Overfull \hbox (2.15475pt too wide) in paragraph at lines 42--42
[]|\OT1/cmr/m/n/10 1| 
 []


Overfull \hbox (7.15477pt too wide) in paragraph at lines 42--42
[]|\OT1/cmr/m/n/10 18| 
 []


Overfull \hbox (2.15475pt too wide) in paragraph at lines 42--42
[]|\OT1/cmr/m/n/10 1| 
 []


Overfull \hbox (7.15477pt too wide) in paragraph at lines 42--42
[]|\OT1/cmr/m/n/10 19| 
 []


Overfull \hbox (2.15475pt too wide) in paragraph at lines 42--42
[]|\OT1/cmr/m/n/10 7| 
 []


Overfull \hbox (2.15475pt too wide) in paragraph at lines 42--42
[]|\OT1/cmr/m/n/10 1| 
 []


Overfull \hbox (2.15475pt too wide) in paragraph at lines 42--42
[]|\OT1/cmr/m/n/10 9| 
 []


Overfull \hbox (2.15475pt too wide) in paragraph at lines 42--42
[]|\OT1/cmr/m/n/10 1| 
 []


Overfull \hbox (2.15475pt too wide) in paragraph at lines 42--42
[]|\OT1/cmr/m/n/10 1| 
 []


Overfull \hbox (2.15475pt too wide) in paragraph at lines 43--43
[]|\OT1/cmr/m/n/10 1| 
 []


Overfull \hbox (7.15477pt too wide) in paragraph at lines 43--43
[]|\OT1/cmr/m/n/10 17| 
 []


Overfull \hbox (2.15475pt too wide) in paragraph at lines 43--43
[]|\OT1/cmr/m/n/10 4| 
 []


Overfull \hbox (7.15477pt too wide) in paragraph at lines 43--43
[]|\OT1/cmr/m/n/10 13| 
 []


Overfull \hbox (2.15475pt too wide) in paragraph at lines 43--43
[]|\OT1/cmr/m/n/10 9| 
 []


Overfull \hbox (2.15475pt too wide) in paragraph at lines 43--43
[]|\OT1/cmr/m/n/10 1| 
 []


Overfull \hbox (7.15477pt too wide) in paragraph at lines 43--43
[]|\OT1/cmr/m/n/10 10| 
 []


Overfull \hbox (2.15475pt too wide) in paragraph at lines 43--43
[]|\OT1/cmr/m/n/10 1| 
 []


Overfull \hbox (2.15475pt too wide) in paragraph at lines 43--43
[]|\OT1/cmr/m/n/10 1| 
 []


Overfull \hbox (2.15475pt too wide) in paragraph at lines 44--44
[]|\OT1/cmr/m/n/10 1| 
 []


Overfull \hbox (2.15475pt too wide) in paragraph at lines 44--44
[]|\OT1/cmr/m/n/10 1| 
 []


Overfull \hbox (7.15477pt too wide) in paragraph at lines 44--44
[]|\OT1/cmr/m/n/10 13| 
 []


Overfull \hbox (2.15475pt too wide) in paragraph at lines 44--44
[]|\OT1/cmr/m/n/10 1| 
 []


Overfull \hbox (2.15475pt too wide) in paragraph at lines 44--44
[]|\OT1/cmr/m/n/10 1| 
 []


Overfull \hbox (2.15475pt too wide) in paragraph at lines 44--44
[]|\OT1/cmr/m/n/10 1| 
 []


Overfull \hbox (7.15477pt too wide) in paragraph at lines 44--44
[]|\OT1/cmr/m/n/10 24| 
 []


Overfull \hbox (2.15475pt too wide) in paragraph at lines 44--44
[]|\OT1/cmr/m/n/10 1| 
 []


Overfull \hbox (2.15475pt too wide) in paragraph at lines 44--44
[]|\OT1/cmr/m/n/10 1| 
 []


Overfull \hbox (7.15477pt too wide) in paragraph at lines 44--44
[]|\OT1/cmr/m/n/10 10| 
 []


Overfull \hbox (2.15475pt too wide) in paragraph at lines 44--44
[]|\OT1/cmr/m/n/10 1| 
 []


Overfull \hbox (2.15475pt too wide) in paragraph at lines 44--44
[]|\OT1/cmr/m/n/10 1| 
 []


Overfull \hbox (2.15475pt too wide) in paragraph at lines 45--45
[]|\OT1/cmr/m/n/10 1| 
 []


Overfull \hbox (2.15475pt too wide) in paragraph at lines 45--45
[]|\OT1/cmr/m/n/10 1| 
 []


Overfull \hbox (2.15475pt too wide) in paragraph at lines 45--45
[]|\OT1/cmr/m/n/10 1| 
 []


Overfull \hbox (7.15477pt too wide) in paragraph at lines 45--45
[]|\OT1/cmr/m/n/10 12| 
 []


Overfull \hbox (2.15475pt too wide) in paragraph at lines 45--45
[]|\OT1/cmr/m/n/10 2| 
 []


Overfull \hbox (2.15475pt too wide) in paragraph at lines 45--45
[]|\OT1/cmr/m/n/10 6| 
 []


Overfull \hbox (7.15477pt too wide) in paragraph at lines 45--45
[]|\OT1/cmr/m/n/10 18| 
 []


Overfull \hbox (2.15475pt too wide) in paragraph at lines 45--45
[]|\OT1/cmr/m/n/10 1| 
 []


Overfull \hbox (2.15475pt too wide) in paragraph at lines 45--45
[]|\OT1/cmr/m/n/10 1| 
 []


Overfull \hbox (7.15477pt too wide) in paragraph at lines 45--45
[]|\OT1/cmr/m/n/10 12| 
 []


Overfull \hbox (2.15475pt too wide) in paragraph at lines 45--45
[]|\OT1/cmr/m/n/10 1| 
 []


Overfull \hbox (2.15475pt too wide) in paragraph at lines 46--46
[]|\OT1/cmr/m/n/10 1| 
 []


Overfull \hbox (7.15477pt too wide) in paragraph at lines 46--46
[]|\OT1/cmr/m/n/10 14| 
 []


Overfull \hbox (2.15475pt too wide) in paragraph at lines 46--46
[]|\OT1/cmr/m/n/10 1| 
 []


Overfull \hbox (7.15477pt too wide) in paragraph at lines 46--46
[]|\OT1/cmr/m/n/10 10| 
 []


Overfull \hbox (7.15477pt too wide) in paragraph at lines 46--46
[]|\OT1/cmr/m/n/10 10| 
 []


Overfull \hbox (2.15475pt too wide) in paragraph at lines 46--46
[]|\OT1/cmr/m/n/10 4| 
 []


Overfull \hbox (2.15475pt too wide) in paragraph at lines 46--46
[]|\OT1/cmr/m/n/10 1| 
 []


Overfull \hbox (2.15475pt too wide) in paragraph at lines 46--46
[]|\OT1/cmr/m/n/10 4| 
 []


Overfull \hbox (2.15475pt too wide) in paragraph at lines 46--46
[]|\OT1/cmr/m/n/10 2| 
 []


Overfull \hbox (2.15475pt too wide) in paragraph at lines 46--46
[]|\OT1/cmr/m/n/10 7| 
 []


Overfull \hbox (2.15475pt too wide) in paragraph at lines 46--46
[]|\OT1/cmr/m/n/10 1| 
 []


Overfull \hbox (2.15475pt too wide) in paragraph at lines 47--47
[]|\OT1/cmr/m/n/10 1| 
 []


Overfull \hbox (2.15475pt too wide) in paragraph at lines 47--47
[]|\OT1/cmr/m/n/10 1| 
 []


Overfull \hbox (7.15477pt too wide) in paragraph at lines 47--47
[]|\OT1/cmr/m/n/10 13| 
 []


Overfull \hbox (2.15475pt too wide) in paragraph at lines 47--47
[]|\OT1/cmr/m/n/10 1| 
 []


Overfull \hbox (7.15477pt too wide) in paragraph at lines 47--47
[]|\OT1/cmr/m/n/10 23| 
 []


Overfull \hbox (2.15475pt too wide) in paragraph at lines 47--47
[]|\OT1/cmr/m/n/10 1| 
 []


Overfull \hbox (2.15475pt too wide) in paragraph at lines 47--47
[]|\OT1/cmr/m/n/10 2| 
 []


Overfull \hbox (2.15475pt too wide) in paragraph at lines 47--47
[]|\OT1/cmr/m/n/10 8| 
 []


Overfull \hbox (2.15475pt too wide) in paragraph at lines 47--47
[]|\OT1/cmr/m/n/10 4| 
 []


Overfull \hbox (2.15475pt too wide) in paragraph at lines 47--47
[]|\OT1/cmr/m/n/10 1| 
 []


Overfull \hbox (2.15475pt too wide) in paragraph at lines 48--48
[]|\OT1/cmr/m/n/10 1| 
 []


Overfull \hbox (2.15475pt too wide) in paragraph at lines 48--48
[]|\OT1/cmr/m/n/10 1| 
 []


Overfull \hbox (2.15475pt too wide) in paragraph at lines 48--48
[]|\OT1/cmr/m/n/10 1| 
 []


Overfull \hbox (2.15475pt too wide) in paragraph at lines 48--48
[]|\OT1/cmr/m/n/10 1| 
 []


Overfull \hbox (2.15475pt too wide) in paragraph at lines 48--48
[]|\OT1/cmr/m/n/10 2| 
 []


Overfull \hbox (2.15475pt too wide) in paragraph at lines 48--48
[]|\OT1/cmr/m/n/10 9| 
 []


Overfull \hbox (2.15475pt too wide) in paragraph at lines 48--48
[]|\OT1/cmr/m/n/10 1| 
 []


Overfull \hbox (7.15477pt too wide) in paragraph at lines 48--48
[]|\OT1/cmr/m/n/10 22| 
 []


Overfull \hbox (2.15475pt too wide) in paragraph at lines 48--48
[]|\OT1/cmr/m/n/10 1| 
 []


Overfull \hbox (2.15475pt too wide) in paragraph at lines 48--48
[]|\OT1/cmr/m/n/10 3| 
 []


Overfull \hbox (2.15475pt too wide) in paragraph at lines 48--48
[]|\OT1/cmr/m/n/10 9| 
 []


Overfull \hbox (2.15475pt too wide) in paragraph at lines 48--48
[]|\OT1/cmr/m/n/10 2| 
 []


Overfull \hbox (2.15475pt too wide) in paragraph at lines 48--48
[]|\OT1/cmr/m/n/10 1| 
 []


Overfull \hbox (2.15475pt too wide) in paragraph at lines 48--48
[]|\OT1/cmr/m/n/10 1| 
 []


Overfull \hbox (2.15475pt too wide) in paragraph at lines 49--49
[]|\OT1/cmr/m/n/10 1| 
 []


Overfull \hbox (2.15475pt too wide) in paragraph at lines 49--49
[]|\OT1/cmr/m/n/10 1| 
 []


Overfull \hbox (2.15475pt too wide) in paragraph at lines 49--49
[]|\OT1/cmr/m/n/10 1| 
 []


Overfull \hbox (2.15475pt too wide) in paragraph at lines 49--49
[]|\OT1/cmr/m/n/10 1| 
 []


Overfull \hbox (2.15475pt too wide) in paragraph at lines 49--49
[]|\OT1/cmr/m/n/10 3| 
 []


Overfull \hbox (2.15475pt too wide) in paragraph at lines 49--49
[]|\OT1/cmr/m/n/10 7| 
 []


Overfull \hbox (2.15475pt too wide) in paragraph at lines 49--49
[]|\OT1/cmr/m/n/10 1| 
 []


Overfull \hbox (2.15475pt too wide) in paragraph at lines 49--49
[]|\OT1/cmr/m/n/10 1| 
 []


Overfull \hbox (2.15475pt too wide) in paragraph at lines 49--49
[]|\OT1/cmr/m/n/10 1| 
 []


Overfull \hbox (2.15475pt too wide) in paragraph at lines 49--49
[]|\OT1/cmr/m/n/10 2| 
 []


Overfull \hbox (7.15477pt too wide) in paragraph at lines 49--49
[]|\OT1/cmr/m/n/10 15| 
 []


Overfull \hbox (2.15475pt too wide) in paragraph at lines 49--49
[]|\OT1/cmr/m/n/10 1| 
 []


Overfull \hbox (2.15475pt too wide) in paragraph at lines 49--49
[]|\OT1/cmr/m/n/10 5| 
 []


Overfull \hbox (7.15477pt too wide) in paragraph at lines 49--49
[]|\OT1/cmr/m/n/10 10| 
 []


Overfull \hbox (2.15475pt too wide) in paragraph at lines 49--49
[]|\OT1/cmr/m/n/10 1| 
 []


Overfull \hbox (2.15475pt too wide) in paragraph at lines 49--49
[]|\OT1/cmr/m/n/10 1| 
 []


Overfull \hbox (2.15475pt too wide) in paragraph at lines 49--49
[]|\OT1/cmr/m/n/10 1| 
 []


Overfull \hbox (2.15475pt too wide) in paragraph at lines 50--50
[]|\OT1/cmr/m/n/10 1| 
 []


Overfull \hbox (2.15475pt too wide) in paragraph at lines 50--50
[]|\OT1/cmr/m/n/10 2| 
 []


Overfull \hbox (2.15475pt too wide) in paragraph at lines 50--50
[]|\OT1/cmr/m/n/10 2| 
 []


Overfull \hbox (2.15475pt too wide) in paragraph at lines 50--50
[]|\OT1/cmr/m/n/10 3| 
 []


Overfull \hbox (2.15475pt too wide) in paragraph at lines 50--50
[]|\OT1/cmr/m/n/10 5| 
 []


Overfull \hbox (2.15475pt too wide) in paragraph at lines 50--50
[]|\OT1/cmr/m/n/10 1| 
 []


Overfull \hbox (2.15475pt too wide) in paragraph at lines 50--50
[]|\OT1/cmr/m/n/10 1| 
 []


Overfull \hbox (2.15475pt too wide) in paragraph at lines 50--50
[]|\OT1/cmr/m/n/10 9| 
 []


Overfull \hbox (2.15475pt too wide) in paragraph at lines 50--50
[]|\OT1/cmr/m/n/10 1| 
 []


Overfull \hbox (2.15475pt too wide) in paragraph at lines 50--50
[]|\OT1/cmr/m/n/10 6| 
 []


Overfull \hbox (2.15475pt too wide) in paragraph at lines 50--50
[]|\OT1/cmr/m/n/10 1| 
 []


Overfull \hbox (2.15475pt too wide) in paragraph at lines 50--50
[]|\OT1/cmr/m/n/10 1| 
 []


Overfull \hbox (2.15475pt too wide) in paragraph at lines 50--50
[]|\OT1/cmr/m/n/10 7| 
 []


Overfull \hbox (2.15475pt too wide) in paragraph at lines 50--50
[]|\OT1/cmr/m/n/10 1| 
 []


Overfull \hbox (2.15475pt too wide) in paragraph at lines 50--50
[]|\OT1/cmr/m/n/10 1| 
 []


Overfull \hbox (2.15475pt too wide) in paragraph at lines 50--50
[]|\OT1/cmr/m/n/10 1| 
 []


Overfull \hbox (2.15475pt too wide) in paragraph at lines 51--51
[]|\OT1/cmr/m/n/10 1| 
 []


Overfull \hbox (2.15475pt too wide) in paragraph at lines 51--51
[]|\OT1/cmr/m/n/10 2| 
 []


Overfull \hbox (2.15475pt too wide) in paragraph at lines 51--51
[]|\OT1/cmr/m/n/10 2| 
 []


Overfull \hbox (2.15475pt too wide) in paragraph at lines 51--51
[]|\OT1/cmr/m/n/10 4| 
 []


Overfull \hbox (2.15475pt too wide) in paragraph at lines 51--51
[]|\OT1/cmr/m/n/10 4| 
 []


Overfull \hbox (2.15475pt too wide) in paragraph at lines 51--51
[]|\OT1/cmr/m/n/10 1| 
 []


Overfull \hbox (2.15475pt too wide) in paragraph at lines 51--51
[]|\OT1/cmr/m/n/10 1| 
 []


Overfull \hbox (2.15475pt too wide) in paragraph at lines 51--51
[]|\OT1/cmr/m/n/10 1| 
 []


Overfull \hbox (2.15475pt too wide) in paragraph at lines 51--51
[]|\OT1/cmr/m/n/10 7| 
 []


Overfull \hbox (2.15475pt too wide) in paragraph at lines 51--51
[]|\OT1/cmr/m/n/10 2| 
 []


Overfull \hbox (2.15475pt too wide) in paragraph at lines 51--51
[]|\OT1/cmr/m/n/10 5| 
 []


Overfull \hbox (2.15475pt too wide) in paragraph at lines 51--51
[]|\OT1/cmr/m/n/10 1| 
 []


Overfull \hbox (2.15475pt too wide) in paragraph at lines 51--51
[]|\OT1/cmr/m/n/10 1| 
 []


Overfull \hbox (2.15475pt too wide) in paragraph at lines 51--51
[]|\OT1/cmr/m/n/10 1| 
 []


Overfull \hbox (2.15475pt too wide) in paragraph at lines 52--52
[]|\OT1/cmr/m/n/10 2| 
 []


Overfull \hbox (2.15475pt too wide) in paragraph at lines 52--52
[]|\OT1/cmr/m/n/10 2| 
 []


Overfull \hbox (2.15475pt too wide) in paragraph at lines 52--52
[]|\OT1/cmr/m/n/10 4| 
 []


Overfull \hbox (2.15475pt too wide) in paragraph at lines 52--52
[]|\OT1/cmr/m/n/10 4| 
 []


Overfull \hbox (2.15475pt too wide) in paragraph at lines 52--52
[]|\OT1/cmr/m/n/10 1| 
 []


Overfull \hbox (2.15475pt too wide) in paragraph at lines 52--52
[]|\OT1/cmr/m/n/10 1| 
 []


Overfull \hbox (2.15475pt too wide) in paragraph at lines 52--52
[]|\OT1/cmr/m/n/10 1| 
 []


Overfull \hbox (2.15475pt too wide) in paragraph at lines 52--52
[]|\OT1/cmr/m/n/10 1| 
 []


Overfull \hbox (2.15475pt too wide) in paragraph at lines 52--52
[]|\OT1/cmr/m/n/10 5| 
 []


Overfull \hbox (2.15475pt too wide) in paragraph at lines 52--52
[]|\OT1/cmr/m/n/10 1| 
 []


Overfull \hbox (2.15475pt too wide) in paragraph at lines 52--52
[]|\OT1/cmr/m/n/10 1| 
 []


Overfull \hbox (2.15475pt too wide) in paragraph at lines 52--52
[]|\OT1/cmr/m/n/10 5| 
 []


Overfull \hbox (2.15475pt too wide) in paragraph at lines 52--52
[]|\OT1/cmr/m/n/10 1| 
 []


Overfull \hbox (2.15475pt too wide) in paragraph at lines 52--52
[]|\OT1/cmr/m/n/10 1| 
 []


Overfull \hbox (2.15475pt too wide) in paragraph at lines 52--52
[]|\OT1/cmr/m/n/10 1| 
 []


Overfull \hbox (2.15475pt too wide) in paragraph at lines 53--53
[]|\OT1/cmr/m/n/10 1| 
 []


Overfull \hbox (2.15475pt too wide) in paragraph at lines 53--53
[]|\OT1/cmr/m/n/10 1| 
 []


Overfull \hbox (2.15475pt too wide) in paragraph at lines 53--53
[]|\OT1/cmr/m/n/10 3| 
 []


Overfull \hbox (2.15475pt too wide) in paragraph at lines 53--53
[]|\OT1/cmr/m/n/10 4| 
 []


Overfull \hbox (2.15475pt too wide) in paragraph at lines 53--53
[]|\OT1/cmr/m/n/10 3| 
 []


Overfull \hbox (2.15475pt too wide) in paragraph at lines 53--53
[]|\OT1/cmr/m/n/10 1| 
 []


Overfull \hbox (2.15475pt too wide) in paragraph at lines 53--53
[]|\OT1/cmr/m/n/10 1| 
 []


Overfull \hbox (2.15475pt too wide) in paragraph at lines 53--53
[]|\OT1/cmr/m/n/10 3| 
 []


Overfull \hbox (2.15475pt too wide) in paragraph at lines 53--53
[]|\OT1/cmr/m/n/10 4| 
 []


Overfull \hbox (2.15475pt too wide) in paragraph at lines 53--53
[]|\OT1/cmr/m/n/10 2| 
 []


Overfull \hbox (2.15475pt too wide) in paragraph at lines 53--53
[]|\OT1/cmr/m/n/10 4| 
 []


Overfull \hbox (2.15475pt too wide) in paragraph at lines 53--53
[]|\OT1/cmr/m/n/10 1| 
 []


Overfull \hbox (2.15475pt too wide) in paragraph at lines 53--53
[]|\OT1/cmr/m/n/10 1| 
 []


Overfull \hbox (2.15475pt too wide) in paragraph at lines 54--54
[]|\OT1/cmr/m/n/10 1| 
 []


Overfull \hbox (2.15475pt too wide) in paragraph at lines 54--54
[]|\OT1/cmr/m/n/10 1| 
 []


Overfull \hbox (2.15475pt too wide) in paragraph at lines 54--54
[]|\OT1/cmr/m/n/10 3| 
 []


Overfull \hbox (2.15475pt too wide) in paragraph at lines 54--54
[]|\OT1/cmr/m/n/10 4| 
 []


Overfull \hbox (2.15475pt too wide) in paragraph at lines 54--54
[]|\OT1/cmr/m/n/10 3| 
 []


Overfull \hbox (2.15475pt too wide) in paragraph at lines 54--54
[]|\OT1/cmr/m/n/10 1| 
 []


Overfull \hbox (2.15475pt too wide) in paragraph at lines 54--54
[]|\OT1/cmr/m/n/10 1| 
 []


Overfull \hbox (2.15475pt too wide) in paragraph at lines 54--54
[]|\OT1/cmr/m/n/10 3| 
 []


Overfull \hbox (2.15475pt too wide) in paragraph at lines 54--54
[]|\OT1/cmr/m/n/10 2| 
 []


Overfull \hbox (2.15475pt too wide) in paragraph at lines 54--54
[]|\OT1/cmr/m/n/10 1| 
 []


Overfull \hbox (2.15475pt too wide) in paragraph at lines 54--54
[]|\OT1/cmr/m/n/10 1| 
 []


Overfull \hbox (2.15475pt too wide) in paragraph at lines 54--54
[]|\OT1/cmr/m/n/10 1| 
 []


Overfull \hbox (2.15475pt too wide) in paragraph at lines 54--54
[]|\OT1/cmr/m/n/10 4| 
 []


Overfull \hbox (2.15475pt too wide) in paragraph at lines 54--54
[]|\OT1/cmr/m/n/10 2| 
 []


Overfull \hbox (2.15475pt too wide) in paragraph at lines 55--55
[]|\OT1/cmr/m/n/10 1| 
 []


Overfull \hbox (2.15475pt too wide) in paragraph at lines 55--55
[]|\OT1/cmr/m/n/10 4| 
 []


Overfull \hbox (2.15475pt too wide) in paragraph at lines 55--55
[]|\OT1/cmr/m/n/10 3| 
 []


Overfull \hbox (2.15475pt too wide) in paragraph at lines 55--55
[]|\OT1/cmr/m/n/10 3| 
 []


Overfull \hbox (2.15475pt too wide) in paragraph at lines 55--55
[]|\OT1/cmr/m/n/10 1| 
 []


Overfull \hbox (2.15475pt too wide) in paragraph at lines 55--55
[]|\OT1/cmr/m/n/10 1| 
 []


Overfull \hbox (2.15475pt too wide) in paragraph at lines 55--55
[]|\OT1/cmr/m/n/10 1| 
 []


Overfull \hbox (2.15475pt too wide) in paragraph at lines 55--55
[]|\OT1/cmr/m/n/10 1| 
 []


Overfull \hbox (2.15475pt too wide) in paragraph at lines 55--55
[]|\OT1/cmr/m/n/10 3| 
 []


Overfull \hbox (2.15475pt too wide) in paragraph at lines 55--55
[]|\OT1/cmr/m/n/10 1| 
 []


Overfull \hbox (2.15475pt too wide) in paragraph at lines 55--55
[]|\OT1/cmr/m/n/10 2| 
 []


Overfull \hbox (2.15475pt too wide) in paragraph at lines 55--55
[]|\OT1/cmr/m/n/10 1| 
 []


Overfull \hbox (2.15475pt too wide) in paragraph at lines 55--55
[]|\OT1/cmr/m/n/10 4| 
 []


Overfull \hbox (2.15475pt too wide) in paragraph at lines 55--55
[]|\OT1/cmr/m/n/10 1| 
 []


Overfull \hbox (2.15475pt too wide) in paragraph at lines 55--55
[]|\OT1/cmr/m/n/10 1| 
 []


Overfull \hbox (2.15475pt too wide) in paragraph at lines 56--56
[]|\OT1/cmr/m/n/10 1| 
 []


Overfull \hbox (2.15475pt too wide) in paragraph at lines 56--56
[]|\OT1/cmr/m/n/10 3| 
 []


Overfull \hbox (2.15475pt too wide) in paragraph at lines 56--56
[]|\OT1/cmr/m/n/10 1| 
 []


Overfull \hbox (2.15475pt too wide) in paragraph at lines 56--56
[]|\OT1/cmr/m/n/10 3| 
 []


Overfull \hbox (2.15475pt too wide) in paragraph at lines 56--56
[]|\OT1/cmr/m/n/10 3| 
 []


Overfull \hbox (2.15475pt too wide) in paragraph at lines 56--56
[]|\OT1/cmr/m/n/10 1| 
 []


Overfull \hbox (2.15475pt too wide) in paragraph at lines 56--56
[]|\OT1/cmr/m/n/10 1| 
 []


Overfull \hbox (2.15475pt too wide) in paragraph at lines 56--56
[]|\OT1/cmr/m/n/10 1| 
 []


Overfull \hbox (2.15475pt too wide) in paragraph at lines 56--56
[]|\OT1/cmr/m/n/10 1| 
 []


Overfull \hbox (2.15475pt too wide) in paragraph at lines 56--56
[]|\OT1/cmr/m/n/10 3| 
 []


Overfull \hbox (2.15475pt too wide) in paragraph at lines 56--56
[]|\OT1/cmr/m/n/10 1| 
 []


Overfull \hbox (2.15475pt too wide) in paragraph at lines 56--56
[]|\OT1/cmr/m/n/10 1| 
 []


Overfull \hbox (2.15475pt too wide) in paragraph at lines 56--56
[]|\OT1/cmr/m/n/10 1| 
 []


Overfull \hbox (2.15475pt too wide) in paragraph at lines 56--56
[]|\OT1/cmr/m/n/10 5| 
 []


Overfull \hbox (2.15475pt too wide) in paragraph at lines 56--56
[]|\OT1/cmr/m/n/10 1| 
 []


Overfull \hbox (2.15475pt too wide) in paragraph at lines 56--56
[]|\OT1/cmr/m/n/10 1| 
 []


Overfull \hbox (2.15475pt too wide) in paragraph at lines 57--57
[]|\OT1/cmr/m/n/10 1| 
 []


Overfull \hbox (2.15475pt too wide) in paragraph at lines 57--57
[]|\OT1/cmr/m/n/10 3| 
 []


Overfull \hbox (2.15475pt too wide) in paragraph at lines 57--57
[]|\OT1/cmr/m/n/10 1| 
 []


Overfull \hbox (2.15475pt too wide) in paragraph at lines 57--57
[]|\OT1/cmr/m/n/10 1| 
 []


Overfull \hbox (2.15475pt too wide) in paragraph at lines 57--57
[]|\OT1/cmr/m/n/10 1| 
 []


Overfull \hbox (2.15475pt too wide) in paragraph at lines 57--57
[]|\OT1/cmr/m/n/10 4| 
 []


Overfull \hbox (2.15475pt too wide) in paragraph at lines 57--57
[]|\OT1/cmr/m/n/10 1| 
 []


Overfull \hbox (2.15475pt too wide) in paragraph at lines 57--57
[]|\OT1/cmr/m/n/10 1| 
 []


Overfull \hbox (2.15475pt too wide) in paragraph at lines 57--57
[]|\OT1/cmr/m/n/10 1| 
 []


Overfull \hbox (2.15475pt too wide) in paragraph at lines 57--57
[]|\OT1/cmr/m/n/10 1| 
 []


Overfull \hbox (2.15475pt too wide) in paragraph at lines 57--57
[]|\OT1/cmr/m/n/10 3| 
 []


Overfull \hbox (2.15475pt too wide) in paragraph at lines 57--57
[]|\OT1/cmr/m/n/10 1| 
 []


Overfull \hbox (2.15475pt too wide) in paragraph at lines 57--57
[]|\OT1/cmr/m/n/10 1| 
 []


Overfull \hbox (2.15475pt too wide) in paragraph at lines 57--57
[]|\OT1/cmr/m/n/10 5| 
 []


Overfull \hbox (2.15475pt too wide) in paragraph at lines 57--57
[]|\OT1/cmr/m/n/10 1| 
 []


Overfull \hbox (2.15475pt too wide) in paragraph at lines 57--57
[]|\OT1/cmr/m/n/10 1| 
 []


Overfull \hbox (2.15475pt too wide) in paragraph at lines 58--58
[]|\OT1/cmr/m/n/10 1| 
 []


Overfull \hbox (2.15475pt too wide) in paragraph at lines 58--58
[]|\OT1/cmr/m/n/10 3| 
 []


Overfull \hbox (2.15475pt too wide) in paragraph at lines 58--58
[]|\OT1/cmr/m/n/10 1| 
 []


Overfull \hbox (2.15475pt too wide) in paragraph at lines 58--58
[]|\OT1/cmr/m/n/10 7| 
 []


Overfull \hbox (2.15475pt too wide) in paragraph at lines 58--58
[]|\OT1/cmr/m/n/10 1| 
 []


Overfull \hbox (2.15475pt too wide) in paragraph at lines 58--58
[]|\OT1/cmr/m/n/10 1| 
 []


Overfull \hbox (2.15475pt too wide) in paragraph at lines 58--58
[]|\OT1/cmr/m/n/10 3| 
 []


Overfull \hbox (2.15475pt too wide) in paragraph at lines 58--58
[]|\OT1/cmr/m/n/10 1| 
 []


Overfull \hbox (2.15475pt too wide) in paragraph at lines 58--58
[]|\OT1/cmr/m/n/10 1| 
 []


Overfull \hbox (2.15475pt too wide) in paragraph at lines 58--58
[]|\OT1/cmr/m/n/10 1| 
 []


Overfull \hbox (2.15475pt too wide) in paragraph at lines 58--58
[]|\OT1/cmr/m/n/10 4| 
 []


Overfull \hbox (2.15475pt too wide) in paragraph at lines 58--58
[]|\OT1/cmr/m/n/10 1| 
 []


Overfull \hbox (2.15475pt too wide) in paragraph at lines 58--58
[]|\OT1/cmr/m/n/10 1| 
 []


Overfull \hbox (2.15475pt too wide) in paragraph at lines 59--59
[]|\OT1/cmr/m/n/10 1| 
 []


Overfull \hbox (2.15475pt too wide) in paragraph at lines 59--59
[]|\OT1/cmr/m/n/10 3| 
 []


Overfull \hbox (2.15475pt too wide) in paragraph at lines 59--59
[]|\OT1/cmr/m/n/10 1| 
 []


Overfull \hbox (2.15475pt too wide) in paragraph at lines 59--59
[]|\OT1/cmr/m/n/10 5| 
 []


Overfull \hbox (2.15475pt too wide) in paragraph at lines 59--59
[]|\OT1/cmr/m/n/10 1| 
 []


Overfull \hbox (2.15475pt too wide) in paragraph at lines 59--59
[]|\OT1/cmr/m/n/10 1| 
 []


Overfull \hbox (2.15475pt too wide) in paragraph at lines 59--59
[]|\OT1/cmr/m/n/10 1| 
 []


Overfull \hbox (2.15475pt too wide) in paragraph at lines 59--59
[]|\OT1/cmr/m/n/10 1| 
 []


Overfull \hbox (2.15475pt too wide) in paragraph at lines 59--59
[]|\OT1/cmr/m/n/10 2| 
 []


Overfull \hbox (2.15475pt too wide) in paragraph at lines 59--59
[]|\OT1/cmr/m/n/10 2| 
 []


Overfull \hbox (2.15475pt too wide) in paragraph at lines 59--59
[]|\OT1/cmr/m/n/10 1| 
 []


Overfull \hbox (2.15475pt too wide) in paragraph at lines 59--59
[]|\OT1/cmr/m/n/10 1| 
 []


Overfull \hbox (2.15475pt too wide) in paragraph at lines 59--59
[]|\OT1/cmr/m/n/10 3| 
 []


Overfull \hbox (2.15475pt too wide) in paragraph at lines 59--59
[]|\OT1/cmr/m/n/10 2| 
 []


Overfull \hbox (2.15475pt too wide) in paragraph at lines 59--59
[]|\OT1/cmr/m/n/10 1| 
 []


Overfull \hbox (2.15475pt too wide) in paragraph at lines 60--60
[]|\OT1/cmr/m/n/10 1| 
 []


Overfull \hbox (2.15475pt too wide) in paragraph at lines 60--60
[]|\OT1/cmr/m/n/10 3| 
 []


Overfull \hbox (2.15475pt too wide) in paragraph at lines 60--60
[]|\OT1/cmr/m/n/10 1| 
 []


Overfull \hbox (2.15475pt too wide) in paragraph at lines 60--60
[]|\OT1/cmr/m/n/10 5| 
 []


Overfull \hbox (2.15475pt too wide) in paragraph at lines 60--60
[]|\OT1/cmr/m/n/10 1| 
 []


Overfull \hbox (2.15475pt too wide) in paragraph at lines 60--60
[]|\OT1/cmr/m/n/10 1| 
 []


Overfull \hbox (2.15475pt too wide) in paragraph at lines 60--60
[]|\OT1/cmr/m/n/10 1| 
 []


Overfull \hbox (2.15475pt too wide) in paragraph at lines 60--60
[]|\OT1/cmr/m/n/10 3| 
 []


Overfull \hbox (2.15475pt too wide) in paragraph at lines 60--60
[]|\OT1/cmr/m/n/10 2| 
 []


Overfull \hbox (2.15475pt too wide) in paragraph at lines 60--60
[]|\OT1/cmr/m/n/10 1| 
 []


Overfull \hbox (2.15475pt too wide) in paragraph at lines 60--60
[]|\OT1/cmr/m/n/10 1| 
 []


Overfull \hbox (2.15475pt too wide) in paragraph at lines 60--60
[]|\OT1/cmr/m/n/10 2| 
 []


Overfull \hbox (2.15475pt too wide) in paragraph at lines 60--60
[]|\OT1/cmr/m/n/10 3| 
 []


Overfull \hbox (2.15475pt too wide) in paragraph at lines 60--60
[]|\OT1/cmr/m/n/10 1| 
 []


Overfull \hbox (2.15475pt too wide) in paragraph at lines 61--61
[]|\OT1/cmr/m/n/10 1| 
 []


Overfull \hbox (2.15475pt too wide) in paragraph at lines 61--61
[]|\OT1/cmr/m/n/10 3| 
 []


Overfull \hbox (2.15475pt too wide) in paragraph at lines 61--61
[]|\OT1/cmr/m/n/10 1| 
 []


Overfull \hbox (2.15475pt too wide) in paragraph at lines 61--61
[]|\OT1/cmr/m/n/10 5| 
 []


Overfull \hbox (2.15475pt too wide) in paragraph at lines 61--61
[]|\OT1/cmr/m/n/10 1| 
 []


Overfull \hbox (2.15475pt too wide) in paragraph at lines 61--61
[]|\OT1/cmr/m/n/10 1| 
 []


Overfull \hbox (2.15475pt too wide) in paragraph at lines 61--61
[]|\OT1/cmr/m/n/10 1| 
 []


Overfull \hbox (2.15475pt too wide) in paragraph at lines 61--61
[]|\OT1/cmr/m/n/10 2| 
 []


Overfull \hbox (2.15475pt too wide) in paragraph at lines 61--61
[]|\OT1/cmr/m/n/10 3| 
 []


Overfull \hbox (2.15475pt too wide) in paragraph at lines 61--61
[]|\OT1/cmr/m/n/10 1| 
 []


Overfull \hbox (2.15475pt too wide) in paragraph at lines 61--61
[]|\OT1/cmr/m/n/10 1| 
 []


Overfull \hbox (2.15475pt too wide) in paragraph at lines 61--61
[]|\OT1/cmr/m/n/10 6| 
 []


Overfull \hbox (2.15475pt too wide) in paragraph at lines 62--62
[]|\OT1/cmr/m/n/10 1| 
 []


Overfull \hbox (2.15475pt too wide) in paragraph at lines 62--62
[]|\OT1/cmr/m/n/10 3| 
 []


Overfull \hbox (2.15475pt too wide) in paragraph at lines 62--62
[]|\OT1/cmr/m/n/10 1| 
 []


Overfull \hbox (2.15475pt too wide) in paragraph at lines 62--62
[]|\OT1/cmr/m/n/10 5| 
 []


Overfull \hbox (2.15475pt too wide) in paragraph at lines 62--62
[]|\OT1/cmr/m/n/10 1| 
 []


Overfull \hbox (2.15475pt too wide) in paragraph at lines 62--62
[]|\OT1/cmr/m/n/10 1| 
 []


Overfull \hbox (2.15475pt too wide) in paragraph at lines 62--62
[]|\OT1/cmr/m/n/10 1| 
 []


Overfull \hbox (2.15475pt too wide) in paragraph at lines 62--62
[]|\OT1/cmr/m/n/10 5| 
 []


Overfull \hbox (2.15475pt too wide) in paragraph at lines 62--62
[]|\OT1/cmr/m/n/10 1| 
 []


Overfull \hbox (2.15475pt too wide) in paragraph at lines 62--62
[]|\OT1/cmr/m/n/10 1| 
 []


Overfull \hbox (2.15475pt too wide) in paragraph at lines 62--62
[]|\OT1/cmr/m/n/10 5| 
 []


Overfull \hbox (2.15475pt too wide) in paragraph at lines 62--62
[]|\OT1/cmr/m/n/10 1| 
 []


Overfull \hbox (2.15475pt too wide) in paragraph at lines 62--62
[]|\OT1/cmr/m/n/10 1| 
 []


Overfull \hbox (2.15475pt too wide) in paragraph at lines 63--63
[]|\OT1/cmr/m/n/10 1| 
 []


Overfull \hbox (2.15475pt too wide) in paragraph at lines 63--63
[]|\OT1/cmr/m/n/10 2| 
 []


Overfull \hbox (2.15475pt too wide) in paragraph at lines 63--63
[]|\OT1/cmr/m/n/10 2| 
 []


Overfull \hbox (2.15475pt too wide) in paragraph at lines 63--63
[]|\OT1/cmr/m/n/10 5| 
 []


Overfull \hbox (2.15475pt too wide) in paragraph at lines 63--63
[]|\OT1/cmr/m/n/10 1| 
 []


Overfull \hbox (2.15475pt too wide) in paragraph at lines 63--63
[]|\OT1/cmr/m/n/10 1| 
 []


Overfull \hbox (2.15475pt too wide) in paragraph at lines 63--63
[]|\OT1/cmr/m/n/10 1| 
 []


Overfull \hbox (2.15475pt too wide) in paragraph at lines 63--63
[]|\OT1/cmr/m/n/10 6| 
 []


Overfull \hbox (2.15475pt too wide) in paragraph at lines 63--63
[]|\OT1/cmr/m/n/10 1| 
 []


Overfull \hbox (2.15475pt too wide) in paragraph at lines 63--63
[]|\OT1/cmr/m/n/10 1| 
 []


Overfull \hbox (2.15475pt too wide) in paragraph at lines 63--63
[]|\OT1/cmr/m/n/10 6| 
 []


Overfull \hbox (2.15475pt too wide) in paragraph at lines 63--63
[]|\OT1/cmr/m/n/10 1| 
 []


Overfull \hbox (2.15475pt too wide) in paragraph at lines 63--63
[]|\OT1/cmr/m/n/10 1| 
 []


Overfull \hbox (2.15475pt too wide) in paragraph at lines 64--64
[]|\OT1/cmr/m/n/10 1| 
 []


Overfull \hbox (2.15475pt too wide) in paragraph at lines 64--64
[]|\OT1/cmr/m/n/10 3| 
 []


Overfull \hbox (2.15475pt too wide) in paragraph at lines 64--64
[]|\OT1/cmr/m/n/10 2| 
 []


Overfull \hbox (2.15475pt too wide) in paragraph at lines 64--64
[]|\OT1/cmr/m/n/10 5| 
 []


Overfull \hbox (2.15475pt too wide) in paragraph at lines 64--64
[]|\OT1/cmr/m/n/10 1| 
 []


Overfull \hbox (2.15475pt too wide) in paragraph at lines 64--64
[]|\OT1/cmr/m/n/10 1| 
 []


Overfull \hbox (2.15475pt too wide) in paragraph at lines 64--64
[]|\OT1/cmr/m/n/10 1| 
 []


Overfull \hbox (2.15475pt too wide) in paragraph at lines 64--64
[]|\OT1/cmr/m/n/10 6| 
 []


Overfull \hbox (2.15475pt too wide) in paragraph at lines 64--64
[]|\OT1/cmr/m/n/10 1| 
 []


Overfull \hbox (2.15475pt too wide) in paragraph at lines 64--64
[]|\OT1/cmr/m/n/10 1| 
 []


Overfull \hbox (2.15475pt too wide) in paragraph at lines 64--64
[]|\OT1/cmr/m/n/10 6| 
 []


Overfull \hbox (2.15475pt too wide) in paragraph at lines 64--64
[]|\OT1/cmr/m/n/10 1| 
 []


Overfull \hbox (2.15475pt too wide) in paragraph at lines 64--64
[]|\OT1/cmr/m/n/10 1| 
 []


Overfull \hbox (2.15475pt too wide) in paragraph at lines 65--65
[]|\OT1/cmr/m/n/10 1| 
 []


Overfull \hbox (2.15475pt too wide) in paragraph at lines 65--65
[]|\OT1/cmr/m/n/10 1| 
 []


Overfull \hbox (2.15475pt too wide) in paragraph at lines 65--65
[]|\OT1/cmr/m/n/10 1| 
 []


Overfull \hbox (2.15475pt too wide) in paragraph at lines 65--65
[]|\OT1/cmr/m/n/10 3| 
 []


Overfull \hbox (2.15475pt too wide) in paragraph at lines 65--65
[]|\OT1/cmr/m/n/10 4| 
 []


Overfull \hbox (2.15475pt too wide) in paragraph at lines 65--65
[]|\OT1/cmr/m/n/10 1| 
 []


Overfull \hbox (2.15475pt too wide) in paragraph at lines 65--65
[]|\OT1/cmr/m/n/10 1| 
 []


Overfull \hbox (2.15475pt too wide) in paragraph at lines 65--65
[]|\OT1/cmr/m/n/10 1| 
 []


Overfull \hbox (2.15475pt too wide) in paragraph at lines 65--65
[]|\OT1/cmr/m/n/10 1| 
 []


Overfull \hbox (2.15475pt too wide) in paragraph at lines 65--65
[]|\OT1/cmr/m/n/10 6| 
 []


Overfull \hbox (2.15475pt too wide) in paragraph at lines 65--65
[]|\OT1/cmr/m/n/10 2| 
 []


Overfull \hbox (2.15475pt too wide) in paragraph at lines 65--65
[]|\OT1/cmr/m/n/10 6| 
 []


Overfull \hbox (2.15475pt too wide) in paragraph at lines 65--65
[]|\OT1/cmr/m/n/10 1| 
 []


Overfull \hbox (2.15475pt too wide) in paragraph at lines 65--65
[]|\OT1/cmr/m/n/10 1| 
 []


Overfull \hbox (2.15475pt too wide) in paragraph at lines 66--66
[]|\OT1/cmr/m/n/10 4| 
 []


Overfull \hbox (2.15475pt too wide) in paragraph at lines 66--66
[]|\OT1/cmr/m/n/10 1| 
 []


Overfull \hbox (2.15475pt too wide) in paragraph at lines 66--66
[]|\OT1/cmr/m/n/10 1| 
 []


Overfull \hbox (2.15475pt too wide) in paragraph at lines 66--66
[]|\OT1/cmr/m/n/10 1| 
 []


Overfull \hbox (2.15475pt too wide) in paragraph at lines 66--66
[]|\OT1/cmr/m/n/10 2| 
 []


Overfull \hbox (2.15475pt too wide) in paragraph at lines 66--66
[]|\OT1/cmr/m/n/10 2| 
 []


Overfull \hbox (2.15475pt too wide) in paragraph at lines 66--66
[]|\OT1/cmr/m/n/10 1| 
 []


Overfull \hbox (2.15475pt too wide) in paragraph at lines 66--66
[]|\OT1/cmr/m/n/10 1| 
 []


Overfull \hbox (2.15475pt too wide) in paragraph at lines 66--66
[]|\OT1/cmr/m/n/10 2| 
 []


Overfull \hbox (2.15475pt too wide) in paragraph at lines 66--66
[]|\OT1/cmr/m/n/10 1| 
 []


Overfull \hbox (2.15475pt too wide) in paragraph at lines 66--66
[]|\OT1/cmr/m/n/10 1| 
 []


Overfull \hbox (2.15475pt too wide) in paragraph at lines 66--66
[]|\OT1/cmr/m/n/10 1| 
 []


Overfull \hbox (2.15475pt too wide) in paragraph at lines 66--66
[]|\OT1/cmr/m/n/10 3| 
 []


Overfull \hbox (2.15475pt too wide) in paragraph at lines 66--66
[]|\OT1/cmr/m/n/10 1| 
 []


Overfull \hbox (2.15475pt too wide) in paragraph at lines 66--66
[]|\OT1/cmr/m/n/10 1| 
 []


Overfull \hbox (2.15475pt too wide) in paragraph at lines 66--66
[]|\OT1/cmr/m/n/10 1| 
 []


Overfull \hbox (2.15475pt too wide) in paragraph at lines 66--66
[]|\OT1/cmr/m/n/10 7| 
 []


Overfull \hbox (2.15475pt too wide) in paragraph at lines 67--67
[]|\OT1/cmr/m/n/10 1| 
 []


Overfull \hbox (2.15475pt too wide) in paragraph at lines 67--67
[]|\OT1/cmr/m/n/10 1| 
 []


Overfull \hbox (2.15475pt too wide) in paragraph at lines 67--67
[]|\OT1/cmr/m/n/10 1| 
 []


Overfull \hbox (2.15475pt too wide) in paragraph at lines 67--67
[]|\OT1/cmr/m/n/10 2| 
 []


Overfull \hbox (2.15475pt too wide) in paragraph at lines 67--67
[]|\OT1/cmr/m/n/10 1| 
 []


Overfull \hbox (2.15475pt too wide) in paragraph at lines 67--67
[]|\OT1/cmr/m/n/10 2| 
 []


Overfull \hbox (2.15475pt too wide) in paragraph at lines 67--67
[]|\OT1/cmr/m/n/10 1| 
 []


Overfull \hbox (2.15475pt too wide) in paragraph at lines 67--67
[]|\OT1/cmr/m/n/10 1| 
 []


Overfull \hbox (2.15475pt too wide) in paragraph at lines 67--67
[]|\OT1/cmr/m/n/10 1| 
 []


Overfull \hbox (2.15475pt too wide) in paragraph at lines 67--67
[]|\OT1/cmr/m/n/10 1| 
 []


Overfull \hbox (2.15475pt too wide) in paragraph at lines 67--67
[]|\OT1/cmr/m/n/10 2| 
 []


Overfull \hbox (2.15475pt too wide) in paragraph at lines 67--67
[]|\OT1/cmr/m/n/10 1| 
 []


Overfull \hbox (2.15475pt too wide) in paragraph at lines 67--67
[]|\OT1/cmr/m/n/10 2| 
 []


Overfull \hbox (2.15475pt too wide) in paragraph at lines 67--67
[]|\OT1/cmr/m/n/10 1| 
 []


Overfull \hbox (2.15475pt too wide) in paragraph at lines 67--67
[]|\OT1/cmr/m/n/10 2| 
 []


Overfull \hbox (2.15475pt too wide) in paragraph at lines 67--67
[]|\OT1/cmr/m/n/10 1| 
 []


Overfull \hbox (2.15475pt too wide) in paragraph at lines 67--67
[]|\OT1/cmr/m/n/10 1| 
 []


Overfull \hbox (2.15475pt too wide) in paragraph at lines 67--67
[]|\OT1/cmr/m/n/10 1| 
 []


Overfull \hbox (2.15475pt too wide) in paragraph at lines 67--67
[]|\OT1/cmr/m/n/10 1| 
 []


Overfull \hbox (2.15475pt too wide) in paragraph at lines 67--67
[]|\OT1/cmr/m/n/10 1| 
 []


Overfull \hbox (2.15475pt too wide) in paragraph at lines 67--67
[]|\OT1/cmr/m/n/10 1| 
 []


Overfull \hbox (2.15475pt too wide) in paragraph at lines 67--67
[]|\OT1/cmr/m/n/10 2| 
 []


Overfull \hbox (2.15475pt too wide) in paragraph at lines 67--67
[]|\OT1/cmr/m/n/10 1| 
 []


Overfull \hbox (2.15475pt too wide) in paragraph at lines 67--67
[]|\OT1/cmr/m/n/10 1| 
 []


Overfull \hbox (2.15475pt too wide) in paragraph at lines 68--68
[]|\OT1/cmr/m/n/10 2| 
 []


Overfull \hbox (2.15475pt too wide) in paragraph at lines 68--68
[]|\OT1/cmr/m/n/10 1| 
 []


Overfull \hbox (2.15475pt too wide) in paragraph at lines 68--68
[]|\OT1/cmr/m/n/10 1| 
 []


Overfull \hbox (2.15475pt too wide) in paragraph at lines 68--68
[]|\OT1/cmr/m/n/10 1| 
 []


Overfull \hbox (2.15475pt too wide) in paragraph at lines 68--68
[]|\OT1/cmr/m/n/10 1| 
 []


Overfull \hbox (2.15475pt too wide) in paragraph at lines 68--68
[]|\OT1/cmr/m/n/10 1| 
 []


Overfull \hbox (2.15475pt too wide) in paragraph at lines 68--68
[]|\OT1/cmr/m/n/10 1| 
 []


Overfull \hbox (2.15475pt too wide) in paragraph at lines 68--68
[]|\OT1/cmr/m/n/10 2| 
 []


Overfull \hbox (2.15475pt too wide) in paragraph at lines 68--68
[]|\OT1/cmr/m/n/10 2| 
 []


Overfull \hbox (2.15475pt too wide) in paragraph at lines 68--68
[]|\OT1/cmr/m/n/10 2| 
 []


Overfull \hbox (2.15475pt too wide) in paragraph at lines 68--68
[]|\OT1/cmr/m/n/10 1| 
 []


Overfull \hbox (2.15475pt too wide) in paragraph at lines 68--68
[]|\OT1/cmr/m/n/10 2| 
 []


Overfull \hbox (2.15475pt too wide) in paragraph at lines 68--68
[]|\OT1/cmr/m/n/10 1| 
 []


Overfull \hbox (2.15475pt too wide) in paragraph at lines 68--68
[]|\OT1/cmr/m/n/10 2| 
 []


Overfull \hbox (2.15475pt too wide) in paragraph at lines 68--68
[]|\OT1/cmr/m/n/10 1| 
 []


Overfull \hbox (2.15475pt too wide) in paragraph at lines 68--68
[]|\OT1/cmr/m/n/10 2| 
 []


Overfull \hbox (2.15475pt too wide) in paragraph at lines 68--68
[]|\OT1/cmr/m/n/10 1| 
 []


Overfull \hbox (2.15475pt too wide) in paragraph at lines 69--69
[]|\OT1/cmr/m/n/10 3| 
 []


Overfull \hbox (2.15475pt too wide) in paragraph at lines 69--69
[]|\OT1/cmr/m/n/10 2| 
 []


Overfull \hbox (2.15475pt too wide) in paragraph at lines 69--69
[]|\OT1/cmr/m/n/10 1| 
 []


Overfull \hbox (2.15475pt too wide) in paragraph at lines 69--69
[]|\OT1/cmr/m/n/10 2| 
 []


Overfull \hbox (2.15475pt too wide) in paragraph at lines 69--69
[]|\OT1/cmr/m/n/10 1| 
 []


Overfull \hbox (2.15475pt too wide) in paragraph at lines 69--69
[]|\OT1/cmr/m/n/10 2| 
 []


Overfull \hbox (2.15475pt too wide) in paragraph at lines 69--69
[]|\OT1/cmr/m/n/10 1| 
 []


Overfull \hbox (2.15475pt too wide) in paragraph at lines 69--69
[]|\OT1/cmr/m/n/10 1| 
 []


Overfull \hbox (2.15475pt too wide) in paragraph at lines 69--69
[]|\OT1/cmr/m/n/10 1| 
 []


Overfull \hbox (2.15475pt too wide) in paragraph at lines 69--69
[]|\OT1/cmr/m/n/10 1| 
 []


Overfull \hbox (2.15475pt too wide) in paragraph at lines 69--69
[]|\OT1/cmr/m/n/10 1| 
 []

)
Overfull \hbox (112.75763pt too wide) in paragraph at lines 1--12
[][] 
 []

Preview: Tightpage 0 0 0 0
[1{/var/lib/texmf/fonts/map/pdftex/updmap/pdftex.map}] (./base.aux) ) 
Here is how much of TeX's memory you used:
 1825 strings out of 494296
 24678 string characters out of 6166515
 373659 words of memory out of 5000000
 5333 multiletter control sequences out of 15000+600000
 3640 words of font info for 14 fonts, out of 8000000 for 9000
 309 hyphenation exceptions out of 8191
 41i,10n,56p,843b,195s stack positions out of 5000i,500n,10000p,200000b,80000s
</usr/shar
e/texlive/texmf-dist/fonts/type1/public/amsfonts/cm/cmr10.pfb>
Output written on base.pdf (1 page, 29799 bytes).
PDF statistics:
 12 PDF objects out of 1000 (max. 8388607)
 7 compressed objects within 1 object stream
 0 named destinations out of 1000 (max. 500000)
 1 words of extra memory for PDF output out of 10000 (max. 10000000)

